{"C:\\Users\\Mark\\Desktop\\Projects\\GitHub\\Personal\\movie-night\\app\\assets\\MovieNightLogo2.png": {"path":"C:\\Users\\Mark\\Desktop\\Projects\\GitHub\\Personal\\movie-night\\app\\assets\\MovieNightLogo2.png","statementMap":{"0":{"start":{"line":1,"column":0},"end":{"line":1,"column":19}}},"fnMap":{},"branchMap":{},"s":{"0":4},"f":{},"b":{},"inputSourceMap":null,"_coverageSchema":"1a1c01bbd47fc00a2c39e90264f33305004495a9","hash":"4d7e9eb388f64efb6734cd649cb2b2f6735bcf63"}
,"C:\\Users\\Mark\\Desktop\\Projects\\GitHub\\Personal\\movie-night\\app\\assets\\saved.js": {"path":"C:\\Users\\Mark\\Desktop\\Projects\\GitHub\\Personal\\movie-night\\app\\assets\\saved.js","statementMap":{"0":{"start":{"line":4,"column":22},"end":{"line":11,"column":1}},"1":{"start":{"line":12,"column":22},"end":{"line":186,"column":2}}},"fnMap":{},"branchMap":{},"s":{"0":19,"1":19},"f":{},"b":{},"_coverageSchema":"1a1c01bbd47fc00a2c39e90264f33305004495a9","hash":"dbd983e3e42c5fa7e1ca769e552fdb187fde5b00"}
,"C:\\Users\\Mark\\Desktop\\Projects\\GitHub\\Personal\\movie-night\\app\\assets\\testData.js": {"path":"C:\\Users\\Mark\\Desktop\\Projects\\GitHub\\Personal\\movie-night\\app\\assets\\testData.js","statementMap":{"0":{"start":{"line":3,"column":23},"end":{"line":401,"column":1}}},"fnMap":{},"branchMap":{},"s":{"0":4},"f":{},"b":{},"_coverageSchema":"1a1c01bbd47fc00a2c39e90264f33305004495a9","hash":"b3c2658d46d86055d44ea7e4836597c9a07179cc"}
,"C:\\Users\\Mark\\Desktop\\Projects\\GitHub\\Personal\\movie-night\\app\\components\\ButtonPanel.js": {"path":"C:\\Users\\Mark\\Desktop\\Projects\\GitHub\\Personal\\movie-night\\app\\components\\ButtonPanel.js","statementMap":{"0":{"start":{"line":14,"column":26},"end":{"line":14,"column":47}},"1":{"start":{"line":15,"column":24},"end":{"line":15,"column":43}},"2":{"start":{"line":16,"column":32},"end":{"line":16,"column":59}},"3":{"start":{"line":17,"column":30},"end":{"line":17,"column":55}},"4":{"start":{"line":18,"column":2},"end":{"line":37,"column":4}},"5":{"start":{"line":21,"column":23},"end":{"line":21,"column":62}},"6":{"start":{"line":28,"column":23},"end":{"line":28,"column":58}}},"fnMap":{"0":{"name":"ButtonPanel","decl":{"start":{"line":13,"column":9},"end":{"line":13,"column":20}},"loc":{"start":{"line":13,"column":28},"end":{"line":38,"column":1}},"line":13},"1":{"name":"(anonymous_1)","decl":{"start":{"line":21,"column":17},"end":{"line":21,"column":18}},"loc":{"start":{"line":21,"column":23},"end":{"line":21,"column":62}},"line":21},"2":{"name":"(anonymous_2)","decl":{"start":{"line":28,"column":17},"end":{"line":28,"column":18}},"loc":{"start":{"line":28,"column":23},"end":{"line":28,"column":58}},"line":28}},"branchMap":{},"s":{"0":1,"1":1,"2":1,"3":1,"4":1,"5":0,"6":0},"f":{"0":1,"1":0,"2":0},"b":{},"_coverageSchema":"1a1c01bbd47fc00a2c39e90264f33305004495a9","hash":"04bc1aa78d0f29b1ebfd2c2bf0df5a794cd8265e"}
,"C:\\Users\\Mark\\Desktop\\Projects\\GitHub\\Personal\\movie-night\\app\\components\\Categories.js": {"path":"C:\\Users\\Mark\\Desktop\\Projects\\GitHub\\Personal\\movie-night\\app\\components\\Categories.js","statementMap":{"0":{"start":{"line":20,"column":26},"end":{"line":20,"column":37}},"1":{"start":{"line":21,"column":30},"end":{"line":21,"column":45}},"2":{"start":{"line":23,"column":46},"end":{"line":23,"column":58}},"3":{"start":{"line":24,"column":30},"end":{"line":24,"column":42}},"4":{"start":{"line":26,"column":30},"end":{"line":26,"column":42}},"5":{"start":{"line":29,"column":18},"end":{"line":29,"column":49}},"6":{"start":{"line":30,"column":17},"end":{"line":30,"column":60}},"7":{"start":{"line":32,"column":4},"end":{"line":32,"column":85}},"8":{"start":{"line":33,"column":17},"end":{"line":33,"column":35}},"9":{"start":{"line":36,"column":15},"end":{"line":36,"column":58}},"10":{"start":{"line":37,"column":4},"end":{"line":50,"column":9}},"11":{"start":{"line":44,"column":26},"end":{"line":44,"column":41}},"12":{"start":{"line":46,"column":8},"end":{"line":46,"column":31}},"13":{"start":{"line":49,"column":8},"end":{"line":49,"column":29}},"14":{"start":{"line":54,"column":4},"end":{"line":54,"column":22}},"15":{"start":{"line":56,"column":4},"end":{"line":61,"column":5}},"16":{"start":{"line":57,"column":6},"end":{"line":57,"column":34}},"17":{"start":{"line":59,"column":6},"end":{"line":59,"column":17}},"18":{"start":{"line":60,"column":6},"end":{"line":60,"column":31}},"19":{"start":{"line":63,"column":6},"end":{"line":63,"column":59}},"20":{"start":{"line":64,"column":22},"end":{"line":64,"column":58}},"21":{"start":{"line":70,"column":6},"end":{"line":77,"column":12}},"22":{"start":{"line":78,"column":4},"end":{"line":112,"column":9}},"23":{"start":{"line":85,"column":26},"end":{"line":85,"column":41}},"24":{"start":{"line":87,"column":8},"end":{"line":87,"column":42}},"25":{"start":{"line":88,"column":8},"end":{"line":108,"column":9}},"26":{"start":{"line":92,"column":10},"end":{"line":92,"column":36}},"27":{"start":{"line":93,"column":10},"end":{"line":93,"column":24}},"28":{"start":{"line":95,"column":10},"end":{"line":102,"column":11}},"29":{"start":{"line":96,"column":29},"end":{"line":96,"column":35}},"30":{"start":{"line":97,"column":12},"end":{"line":97,"column":63}},"31":{"start":{"line":98,"column":12},"end":{"line":98,"column":30}},"32":{"start":{"line":100,"column":12},"end":{"line":100,"column":44}},"33":{"start":{"line":101,"column":12},"end":{"line":101,"column":30}},"34":{"start":{"line":103,"column":10},"end":{"line":107,"column":11}},"35":{"start":{"line":104,"column":12},"end":{"line":104,"column":28}},"36":{"start":{"line":106,"column":12},"end":{"line":106,"column":29}},"37":{"start":{"line":111,"column":8},"end":{"line":111,"column":29}},"38":{"start":{"line":115,"column":25},"end":{"line":115,"column":27}},"39":{"start":{"line":116,"column":2},"end":{"line":127,"column":3}},"40":{"start":{"line":117,"column":4},"end":{"line":126,"column":6}},"41":{"start":{"line":129,"column":2},"end":{"line":178,"column":4}},"42":{"start":{"line":143,"column":27},"end":{"line":143,"column":36}},"43":{"start":{"line":144,"column":35},"end":{"line":144,"column":52}},"44":{"start":{"line":145,"column":27},"end":{"line":145,"column":38}},"45":{"start":{"line":146,"column":26},"end":{"line":146,"column":36}},"46":{"start":{"line":154,"column":14},"end":{"line":154,"column":30}}},"fnMap":{"0":{"name":"Categories","decl":{"start":{"line":19,"column":9},"end":{"line":19,"column":19}},"loc":{"start":{"line":19,"column":27},"end":{"line":179,"column":1}},"line":19},"1":{"name":"getMovieByID","decl":{"start":{"line":35,"column":11},"end":{"line":35,"column":23}},"loc":{"start":{"line":35,"column":39},"end":{"line":51,"column":3}},"line":35},"2":{"name":"(anonymous_2)","decl":{"start":{"line":44,"column":12},"end":{"line":44,"column":13}},"loc":{"start":{"line":44,"column":26},"end":{"line":44,"column":41}},"line":44},"3":{"name":"(anonymous_3)","decl":{"start":{"line":45,"column":12},"end":{"line":45,"column":13}},"loc":{"start":{"line":45,"column":30},"end":{"line":47,"column":7}},"line":45},"4":{"name":"(anonymous_4)","decl":{"start":{"line":48,"column":13},"end":{"line":48,"column":14}},"loc":{"start":{"line":48,"column":24},"end":{"line":50,"column":7}},"line":48},"5":{"name":"getMovies","decl":{"start":{"line":53,"column":11},"end":{"line":53,"column":20}},"loc":{"start":{"line":53,"column":39},"end":{"line":113,"column":3}},"line":53},"6":{"name":"(anonymous_6)","decl":{"start":{"line":85,"column":12},"end":{"line":85,"column":13}},"loc":{"start":{"line":85,"column":26},"end":{"line":85,"column":41}},"line":85},"7":{"name":"(anonymous_7)","decl":{"start":{"line":86,"column":12},"end":{"line":86,"column":13}},"loc":{"start":{"line":86,"column":30},"end":{"line":109,"column":7}},"line":86},"8":{"name":"(anonymous_8)","decl":{"start":{"line":110,"column":13},"end":{"line":110,"column":14}},"loc":{"start":{"line":110,"column":24},"end":{"line":112,"column":7}},"line":110},"9":{"name":"(anonymous_9)","decl":{"start":{"line":143,"column":21},"end":{"line":143,"column":22}},"loc":{"start":{"line":143,"column":27},"end":{"line":143,"column":36}},"line":143},"10":{"name":"(anonymous_10)","decl":{"start":{"line":144,"column":29},"end":{"line":144,"column":30}},"loc":{"start":{"line":144,"column":35},"end":{"line":144,"column":52}},"line":144},"11":{"name":"(anonymous_11)","decl":{"start":{"line":145,"column":21},"end":{"line":145,"column":22}},"loc":{"start":{"line":145,"column":27},"end":{"line":145,"column":38}},"line":145},"12":{"name":"(anonymous_12)","decl":{"start":{"line":146,"column":19},"end":{"line":146,"column":20}},"loc":{"start":{"line":146,"column":26},"end":{"line":146,"column":36}},"line":146},"13":{"name":"(anonymous_13)","decl":{"start":{"line":153,"column":21},"end":{"line":153,"column":22}},"loc":{"start":{"line":153,"column":27},"end":{"line":155,"column":13}},"line":153}},"branchMap":{"0":{"loc":{"start":{"line":53,"column":21},"end":{"line":53,"column":37}},"type":"default-arg","locations":[{"start":{"line":53,"column":32},"end":{"line":53,"column":37}}],"line":53},"1":{"loc":{"start":{"line":56,"column":4},"end":{"line":61,"column":5}},"type":"if","locations":[{"start":{"line":56,"column":4},"end":{"line":61,"column":5}},{"start":{"line":58,"column":11},"end":{"line":61,"column":5}}],"line":56},"2":{"loc":{"start":{"line":88,"column":8},"end":{"line":108,"column":9}},"type":"if","locations":[{"start":{"line":88,"column":8},"end":{"line":108,"column":9}},{"start":{"line":94,"column":15},"end":{"line":108,"column":9}}],"line":88},"3":{"loc":{"start":{"line":89,"column":10},"end":{"line":90,"column":44}},"type":"binary-expr","locations":[{"start":{"line":89,"column":10},"end":{"line":89,"column":41}},{"start":{"line":90,"column":10},"end":{"line":90,"column":44}}],"line":89},"4":{"loc":{"start":{"line":95,"column":10},"end":{"line":102,"column":11}},"type":"if","locations":[{"start":{"line":95,"column":10},"end":{"line":102,"column":11}},{"start":{"line":99,"column":17},"end":{"line":102,"column":11}}],"line":95},"5":{"loc":{"start":{"line":103,"column":10},"end":{"line":107,"column":11}},"type":"if","locations":[{"start":{"line":103,"column":10},"end":{"line":107,"column":11}},{"start":{"line":105,"column":17},"end":{"line":107,"column":11}}],"line":103},"6":{"loc":{"start":{"line":151,"column":9},"end":{"line":174,"column":9}},"type":"binary-expr","locations":[{"start":{"line":151,"column":9},"end":{"line":151,"column":16}},{"start":{"line":151,"column":20},"end":{"line":151,"column":38}},{"start":{"line":152,"column":10},"end":{"line":173,"column":37}}],"line":151}},"s":{"0":1,"1":1,"2":1,"3":1,"4":1,"5":1,"6":1,"7":1,"8":1,"9":0,"10":0,"11":0,"12":0,"13":0,"14":0,"15":0,"16":0,"17":0,"18":0,"19":0,"20":0,"21":0,"22":0,"23":0,"24":0,"25":0,"26":0,"27":0,"28":0,"29":0,"30":0,"31":0,"32":0,"33":0,"34":0,"35":0,"36":0,"37":0,"38":1,"39":1,"40":0,"41":1,"42":0,"43":0,"44":0,"45":0,"46":0},"f":{"0":1,"1":0,"2":0,"3":0,"4":0,"5":0,"6":0,"7":0,"8":0,"9":0,"10":0,"11":0,"12":0,"13":0},"b":{"0":[0],"1":[0,0],"2":[0,0],"3":[0,0],"4":[0,0],"5":[0,0],"6":[1,1,0]},"_coverageSchema":"1a1c01bbd47fc00a2c39e90264f33305004495a9","hash":"e4417cf9e3527a618a825af83435d4d176c4571c"}
,"C:\\Users\\Mark\\Desktop\\Projects\\GitHub\\Personal\\movie-night\\app\\components\\ChangePassword.js": {"path":"C:\\Users\\Mark\\Desktop\\Projects\\GitHub\\Personal\\movie-night\\app\\components\\ChangePassword.js","statementMap":{"0":{"start":{"line":17,"column":20},"end":{"line":17,"column":35}},"1":{"start":{"line":18,"column":26},"end":{"line":18,"column":47}},"2":{"start":{"line":20,"column":43},"end":{"line":20,"column":64}},"3":{"start":{"line":21,"column":51},"end":{"line":21,"column":69}},"4":{"start":{"line":22,"column":51},"end":{"line":22,"column":69}},"5":{"start":{"line":23,"column":43},"end":{"line":23,"column":61}},"6":{"start":{"line":25,"column":26},"end":{"line":30,"column":3}},"7":{"start":{"line":26,"column":4},"end":{"line":29,"column":5}},"8":{"start":{"line":28,"column":6},"end":{"line":28,"column":25}},"9":{"start":{"line":32,"column":19},"end":{"line":55,"column":3}},"10":{"start":{"line":33,"column":4},"end":{"line":54,"column":5}},"11":{"start":{"line":38,"column":6},"end":{"line":38,"column":43}},"12":{"start":{"line":39,"column":11},"end":{"line":54,"column":5}},"13":{"start":{"line":40,"column":6},"end":{"line":40,"column":51}},"14":{"start":{"line":44,"column":6},"end":{"line":44,"column":29}},"15":{"start":{"line":48,"column":6},"end":{"line":48,"column":30}},"16":{"start":{"line":51,"column":6},"end":{"line":51,"column":32}},"17":{"start":{"line":52,"column":6},"end":{"line":52,"column":32}},"18":{"start":{"line":53,"column":6},"end":{"line":53,"column":28}},"19":{"start":{"line":57,"column":18},"end":{"line":62,"column":3}},"20":{"start":{"line":58,"column":4},"end":{"line":58,"column":27}},"21":{"start":{"line":59,"column":4},"end":{"line":59,"column":30}},"22":{"start":{"line":60,"column":4},"end":{"line":60,"column":30}},"23":{"start":{"line":61,"column":4},"end":{"line":61,"column":26}},"24":{"start":{"line":64,"column":2},"end":{"line":330,"column":4}},"25":{"start":{"line":181,"column":33},"end":{"line":181,"column":64}},"26":{"start":{"line":310,"column":33},"end":{"line":310,"column":64}}},"fnMap":{"0":{"name":"ChangePassword","decl":{"start":{"line":16,"column":9},"end":{"line":16,"column":23}},"loc":{"start":{"line":16,"column":31},"end":{"line":331,"column":1}},"line":16},"1":{"name":"(anonymous_1)","decl":{"start":{"line":25,"column":26},"end":{"line":25,"column":27}},"loc":{"start":{"line":25,"column":32},"end":{"line":30,"column":3}},"line":25},"2":{"name":"(anonymous_2)","decl":{"start":{"line":32,"column":19},"end":{"line":32,"column":20}},"loc":{"start":{"line":32,"column":25},"end":{"line":55,"column":3}},"line":32},"3":{"name":"(anonymous_3)","decl":{"start":{"line":57,"column":18},"end":{"line":57,"column":19}},"loc":{"start":{"line":57,"column":24},"end":{"line":62,"column":3}},"line":57},"4":{"name":"(anonymous_4)","decl":{"start":{"line":181,"column":27},"end":{"line":181,"column":28}},"loc":{"start":{"line":181,"column":33},"end":{"line":181,"column":64}},"line":181},"5":{"name":"(anonymous_5)","decl":{"start":{"line":310,"column":27},"end":{"line":310,"column":28}},"loc":{"start":{"line":310,"column":33},"end":{"line":310,"column":64}},"line":310}},"branchMap":{"0":{"loc":{"start":{"line":26,"column":4},"end":{"line":29,"column":5}},"type":"if","locations":[{"start":{"line":26,"column":4},"end":{"line":29,"column":5}},{"start":{"line":27,"column":11},"end":{"line":29,"column":5}}],"line":26},"1":{"loc":{"start":{"line":33,"column":4},"end":{"line":54,"column":5}},"type":"if","locations":[{"start":{"line":33,"column":4},"end":{"line":54,"column":5}},{"start":{"line":39,"column":11},"end":{"line":54,"column":5}}],"line":33},"2":{"loc":{"start":{"line":34,"column":6},"end":{"line":36,"column":29}},"type":"binary-expr","locations":[{"start":{"line":34,"column":6},"end":{"line":34,"column":33}},{"start":{"line":35,"column":6},"end":{"line":35,"column":33}},{"start":{"line":36,"column":6},"end":{"line":36,"column":29}}],"line":34},"3":{"loc":{"start":{"line":39,"column":11},"end":{"line":54,"column":5}},"type":"if","locations":[{"start":{"line":39,"column":11},"end":{"line":54,"column":5}},{"start":{"line":43,"column":9},"end":{"line":54,"column":5}}],"line":39},"4":{"loc":{"start":{"line":71,"column":7},"end":{"line":328,"column":7}},"type":"cond-expr","locations":[{"start":{"line":72,"column":8},"end":{"line":198,"column":15}},{"start":{"line":200,"column":8},"end":{"line":327,"column":15}}],"line":71}},"s":{"0":1,"1":1,"2":1,"3":1,"4":1,"5":1,"6":1,"7":0,"8":0,"9":1,"10":0,"11":0,"12":0,"13":0,"14":0,"15":0,"16":0,"17":0,"18":0,"19":1,"20":0,"21":0,"22":0,"23":0,"24":1,"25":0,"26":0},"f":{"0":1,"1":0,"2":0,"3":0,"4":0,"5":0},"b":{"0":[0,0],"1":[0,0],"2":[0,0,0],"3":[0,0],"4":[0,1]},"_coverageSchema":"1a1c01bbd47fc00a2c39e90264f33305004495a9","hash":"0b9b33834df83dd5b9c536cad4a917a7c6f15f6c"}
,"C:\\Users\\Mark\\Desktop\\Projects\\GitHub\\Personal\\movie-night\\app\\components\\CreateGroupPopup.js": {"path":"C:\\Users\\Mark\\Desktop\\Projects\\GitHub\\Personal\\movie-night\\app\\components\\CreateGroupPopup.js","statementMap":{"0":{"start":{"line":26,"column":20},"end":{"line":26,"column":35}},"1":{"start":{"line":27,"column":26},"end":{"line":27,"column":47}},"2":{"start":{"line":28,"column":20},"end":{"line":28,"column":35}},"3":{"start":{"line":30,"column":43},"end":{"line":30,"column":64}},"4":{"start":{"line":31,"column":39},"end":{"line":31,"column":57}},"5":{"start":{"line":32,"column":31},"end":{"line":32,"column":49}},"6":{"start":{"line":33,"column":36},"end":{"line":33,"column":54}},"7":{"start":{"line":39,"column":19},"end":{"line":39,"column":24}},"8":{"start":{"line":40,"column":4},"end":{"line":42,"column":5}},"9":{"start":{"line":41,"column":6},"end":{"line":41,"column":32}},"10":{"start":{"line":44,"column":4},"end":{"line":66,"column":9}},"11":{"start":{"line":56,"column":26},"end":{"line":56,"column":41}},"12":{"start":{"line":58,"column":22},"end":{"line":58,"column":34}},"13":{"start":{"line":59,"column":8},"end":{"line":59,"column":44}},"14":{"start":{"line":60,"column":8},"end":{"line":60,"column":20}},"15":{"start":{"line":63,"column":8},"end":{"line":63,"column":29}},"16":{"start":{"line":64,"column":8},"end":{"line":64,"column":21}},"17":{"start":{"line":65,"column":8},"end":{"line":65,"column":21}},"18":{"start":{"line":67,"column":4},"end":{"line":67,"column":16}},"19":{"start":{"line":70,"column":19},"end":{"line":87,"column":3}},"20":{"start":{"line":71,"column":4},"end":{"line":86,"column":5}},"21":{"start":{"line":72,"column":6},"end":{"line":72,"column":42}},"22":{"start":{"line":75,"column":19},"end":{"line":75,"column":35}},"23":{"start":{"line":77,"column":6},"end":{"line":77,"column":24}},"24":{"start":{"line":78,"column":6},"end":{"line":85,"column":7}},"25":{"start":{"line":79,"column":8},"end":{"line":79,"column":31}},"26":{"start":{"line":80,"column":8},"end":{"line":80,"column":32}},"27":{"start":{"line":83,"column":8},"end":{"line":83,"column":28}},"28":{"start":{"line":84,"column":8},"end":{"line":84,"column":24}},"29":{"start":{"line":89,"column":18},"end":{"line":93,"column":3}},"30":{"start":{"line":90,"column":4},"end":{"line":90,"column":24}},"31":{"start":{"line":91,"column":4},"end":{"line":91,"column":20}},"32":{"start":{"line":92,"column":4},"end":{"line":92,"column":27}},"33":{"start":{"line":95,"column":20},"end":{"line":98,"column":3}},"34":{"start":{"line":96,"column":4},"end":{"line":96,"column":29}},"35":{"start":{"line":97,"column":4},"end":{"line":97,"column":21}},"36":{"start":{"line":100,"column":26},"end":{"line":105,"column":3}},"37":{"start":{"line":101,"column":4},"end":{"line":104,"column":5}},"38":{"start":{"line":103,"column":6},"end":{"line":103,"column":25}},"39":{"start":{"line":107,"column":2},"end":{"line":347,"column":4}}},"fnMap":{"0":{"name":"CreateGroupPopup","decl":{"start":{"line":25,"column":9},"end":{"line":25,"column":25}},"loc":{"start":{"line":25,"column":33},"end":{"line":348,"column":1}},"line":25},"1":{"name":"createGroupAPI","decl":{"start":{"line":35,"column":11},"end":{"line":35,"column":25}},"loc":{"start":{"line":35,"column":28},"end":{"line":68,"column":3}},"line":35},"2":{"name":"(anonymous_2)","decl":{"start":{"line":56,"column":12},"end":{"line":56,"column":13}},"loc":{"start":{"line":56,"column":26},"end":{"line":56,"column":41}},"line":56},"3":{"name":"(anonymous_3)","decl":{"start":{"line":57,"column":12},"end":{"line":57,"column":13}},"loc":{"start":{"line":57,"column":30},"end":{"line":61,"column":7}},"line":57},"4":{"name":"(anonymous_4)","decl":{"start":{"line":62,"column":13},"end":{"line":62,"column":14}},"loc":{"start":{"line":62,"column":24},"end":{"line":66,"column":7}},"line":62},"5":{"name":"(anonymous_5)","decl":{"start":{"line":70,"column":19},"end":{"line":70,"column":20}},"loc":{"start":{"line":70,"column":25},"end":{"line":87,"column":3}},"line":70},"6":{"name":"(anonymous_6)","decl":{"start":{"line":89,"column":18},"end":{"line":89,"column":19}},"loc":{"start":{"line":89,"column":24},"end":{"line":93,"column":3}},"line":89},"7":{"name":"(anonymous_7)","decl":{"start":{"line":95,"column":20},"end":{"line":95,"column":21}},"loc":{"start":{"line":95,"column":26},"end":{"line":98,"column":3}},"line":95},"8":{"name":"(anonymous_8)","decl":{"start":{"line":100,"column":26},"end":{"line":100,"column":27}},"loc":{"start":{"line":100,"column":32},"end":{"line":105,"column":3}},"line":100}},"branchMap":{"0":{"loc":{"start":{"line":40,"column":4},"end":{"line":42,"column":5}},"type":"if","locations":[{"start":{"line":40,"column":4},"end":{"line":42,"column":5}},{"start":{},"end":{}}],"line":40},"1":{"loc":{"start":{"line":71,"column":4},"end":{"line":86,"column":5}},"type":"if","locations":[{"start":{"line":71,"column":4},"end":{"line":86,"column":5}},{"start":{"line":73,"column":11},"end":{"line":86,"column":5}}],"line":71},"2":{"loc":{"start":{"line":78,"column":6},"end":{"line":85,"column":7}},"type":"if","locations":[{"start":{"line":78,"column":6},"end":{"line":85,"column":7}},{"start":{},"end":{}}],"line":78},"3":{"loc":{"start":{"line":101,"column":4},"end":{"line":104,"column":5}},"type":"if","locations":[{"start":{"line":101,"column":4},"end":{"line":104,"column":5}},{"start":{"line":102,"column":11},"end":{"line":104,"column":5}}],"line":101},"4":{"loc":{"start":{"line":114,"column":7},"end":{"line":345,"column":7}},"type":"cond-expr","locations":[{"start":{"line":115,"column":8},"end":{"line":227,"column":15}},{"start":{"line":229,"column":8},"end":{"line":344,"column":15}}],"line":114}},"s":{"0":1,"1":1,"2":1,"3":1,"4":1,"5":1,"6":1,"7":0,"8":0,"9":0,"10":0,"11":0,"12":0,"13":0,"14":0,"15":0,"16":0,"17":0,"18":0,"19":1,"20":0,"21":0,"22":0,"23":0,"24":0,"25":0,"26":0,"27":0,"28":0,"29":1,"30":0,"31":0,"32":0,"33":1,"34":0,"35":0,"36":1,"37":0,"38":0,"39":1},"f":{"0":1,"1":0,"2":0,"3":0,"4":0,"5":0,"6":0,"7":0,"8":0},"b":{"0":[0,0],"1":[0,0],"2":[0,0],"3":[0,0],"4":[0,1]},"_coverageSchema":"1a1c01bbd47fc00a2c39e90264f33305004495a9","hash":"9128941b501107a23d33b48f5e133822a2c2ac20"}
,"C:\\Users\\Mark\\Desktop\\Projects\\GitHub\\Personal\\movie-night\\app\\components\\DeleteAccount.js": {"path":"C:\\Users\\Mark\\Desktop\\Projects\\GitHub\\Personal\\movie-night\\app\\components\\DeleteAccount.js","statementMap":{"0":{"start":{"line":16,"column":20},"end":{"line":16,"column":35}},"1":{"start":{"line":17,"column":26},"end":{"line":17,"column":47}},"2":{"start":{"line":19,"column":43},"end":{"line":19,"column":64}},"3":{"start":{"line":20,"column":51},"end":{"line":20,"column":69}},"4":{"start":{"line":21,"column":51},"end":{"line":21,"column":69}},"5":{"start":{"line":22,"column":43},"end":{"line":22,"column":61}},"6":{"start":{"line":24,"column":20},"end":{"line":28,"column":3}},"7":{"start":{"line":26,"column":4},"end":{"line":26,"column":23}},"8":{"start":{"line":27,"column":4},"end":{"line":27,"column":41}},"9":{"start":{"line":30,"column":2},"end":{"line":149,"column":4}},"10":{"start":{"line":73,"column":35},"end":{"line":73,"column":62}},"11":{"start":{"line":128,"column":35},"end":{"line":128,"column":62}}},"fnMap":{"0":{"name":"DeleteAccount","decl":{"start":{"line":15,"column":9},"end":{"line":15,"column":22}},"loc":{"start":{"line":15,"column":30},"end":{"line":150,"column":1}},"line":15},"1":{"name":"(anonymous_1)","decl":{"start":{"line":24,"column":20},"end":{"line":24,"column":21}},"loc":{"start":{"line":24,"column":26},"end":{"line":28,"column":3}},"line":24},"2":{"name":"(anonymous_2)","decl":{"start":{"line":73,"column":29},"end":{"line":73,"column":30}},"loc":{"start":{"line":73,"column":35},"end":{"line":73,"column":62}},"line":73},"3":{"name":"(anonymous_3)","decl":{"start":{"line":128,"column":29},"end":{"line":128,"column":30}},"loc":{"start":{"line":128,"column":35},"end":{"line":128,"column":62}},"line":128}},"branchMap":{"0":{"loc":{"start":{"line":37,"column":7},"end":{"line":147,"column":7}},"type":"cond-expr","locations":[{"start":{"line":38,"column":8},"end":{"line":91,"column":15}},{"start":{"line":93,"column":8},"end":{"line":146,"column":15}}],"line":37}},"s":{"0":1,"1":1,"2":1,"3":1,"4":1,"5":1,"6":1,"7":0,"8":0,"9":1,"10":0,"11":0},"f":{"0":1,"1":0,"2":0,"3":0},"b":{"0":[0,1]},"_coverageSchema":"1a1c01bbd47fc00a2c39e90264f33305004495a9","hash":"c8e495d86815c4c216511a9da178b19d0b167ce0"}
,"C:\\Users\\Mark\\Desktop\\Projects\\GitHub\\Personal\\movie-night\\app\\components\\DeleteGroup.js": {"path":"C:\\Users\\Mark\\Desktop\\Projects\\GitHub\\Personal\\movie-night\\app\\components\\DeleteGroup.js","statementMap":{"0":{"start":{"line":7,"column":38},"end":{"line":7,"column":53}},"1":{"start":{"line":9,"column":2},"end":{"line":106,"column":4}},"2":{"start":{"line":14,"column":12},"end":{"line":14,"column":32}},"3":{"start":{"line":55,"column":16},"end":{"line":55,"column":37}},"4":{"start":{"line":56,"column":16},"end":{"line":56,"column":39}},"5":{"start":{"line":80,"column":16},"end":{"line":80,"column":37}}},"fnMap":{"0":{"name":"DeleteGroup","decl":{"start":{"line":6,"column":9},"end":{"line":6,"column":20}},"loc":{"start":{"line":6,"column":28},"end":{"line":107,"column":1}},"line":6},"1":{"name":"(anonymous_1)","decl":{"start":{"line":13,"column":19},"end":{"line":13,"column":20}},"loc":{"start":{"line":13,"column":25},"end":{"line":15,"column":11}},"line":13},"2":{"name":"(anonymous_2)","decl":{"start":{"line":54,"column":23},"end":{"line":54,"column":24}},"loc":{"start":{"line":54,"column":29},"end":{"line":57,"column":15}},"line":54},"3":{"name":"(anonymous_3)","decl":{"start":{"line":79,"column":23},"end":{"line":79,"column":24}},"loc":{"start":{"line":79,"column":29},"end":{"line":81,"column":15}},"line":79}},"branchMap":{"0":{"loc":{"start":{"line":11,"column":7},"end":{"line":37,"column":7}},"type":"binary-expr","locations":[{"start":{"line":11,"column":7},"end":{"line":11,"column":18}},{"start":{"line":12,"column":8},"end":{"line":36,"column":35}}],"line":11},"1":{"loc":{"start":{"line":38,"column":7},"end":{"line":104,"column":7}},"type":"binary-expr","locations":[{"start":{"line":38,"column":7},"end":{"line":38,"column":17}},{"start":{"line":39,"column":8},"end":{"line":103,"column":15}}],"line":38}},"s":{"0":1,"1":1,"2":0,"3":0,"4":0,"5":0},"f":{"0":1,"1":0,"2":0,"3":0},"b":{"0":[1,1],"1":[1,0]},"_coverageSchema":"1a1c01bbd47fc00a2c39e90264f33305004495a9","hash":"006a8bbbb6ce779af7221d0a0f9d93f4f6fd8555"}
,"C:\\Users\\Mark\\Desktop\\Projects\\GitHub\\Personal\\movie-night\\app\\components\\Filters.js": {"path":"C:\\Users\\Mark\\Desktop\\Projects\\GitHub\\Personal\\movie-night\\app\\components\\Filters.js","statementMap":{"0":{"start":{"line":16,"column":30},"end":{"line":16,"column":45}},"1":{"start":{"line":17,"column":46},"end":{"line":17,"column":76}},"2":{"start":{"line":18,"column":30},"end":{"line":18,"column":52}},"3":{"start":{"line":19,"column":34},"end":{"line":19,"column":49}},"4":{"start":{"line":20,"column":19},"end":{"line":20,"column":33}},"5":{"start":{"line":21,"column":21},"end":{"line":40,"column":3}},"6":{"start":{"line":42,"column":23},"end":{"line":50,"column":3}},"7":{"start":{"line":52,"column":2},"end":{"line":54,"column":3}},"8":{"start":{"line":53,"column":4},"end":{"line":53,"column":20}},"9":{"start":{"line":57,"column":20},"end":{"line":57,"column":26}},"10":{"start":{"line":58,"column":14},"end":{"line":58,"column":38}},"11":{"start":{"line":59,"column":4},"end":{"line":59,"column":75}},"12":{"start":{"line":60,"column":4},"end":{"line":60,"column":31}},"13":{"start":{"line":61,"column":4},"end":{"line":61,"column":21}},"14":{"start":{"line":62,"column":4},"end":{"line":62,"column":21}},"15":{"start":{"line":65,"column":4},"end":{"line":65,"column":40}},"16":{"start":{"line":66,"column":4},"end":{"line":66,"column":21}},"17":{"start":{"line":67,"column":4},"end":{"line":67,"column":21}},"18":{"start":{"line":70,"column":22},"end":{"line":70,"column":36}},"19":{"start":{"line":71,"column":14},"end":{"line":71,"column":42}},"20":{"start":{"line":72,"column":4},"end":{"line":72,"column":77}},"21":{"start":{"line":73,"column":4},"end":{"line":73,"column":41}},"22":{"start":{"line":74,"column":4},"end":{"line":74,"column":21}},"23":{"start":{"line":75,"column":4},"end":{"line":75,"column":21}},"24":{"start":{"line":78,"column":4},"end":{"line":78,"column":58}},"25":{"start":{"line":79,"column":4},"end":{"line":79,"column":21}},"26":{"start":{"line":80,"column":4},"end":{"line":80,"column":21}},"27":{"start":{"line":83,"column":23},"end":{"line":83,"column":25}},"28":{"start":{"line":84,"column":2},"end":{"line":108,"column":3}},"29":{"start":{"line":85,"column":4},"end":{"line":107,"column":6}},"30":{"start":{"line":89,"column":10},"end":{"line":93,"column":11}},"31":{"start":{"line":90,"column":12},"end":{"line":90,"column":37}},"32":{"start":{"line":92,"column":12},"end":{"line":92,"column":34}},"33":{"start":{"line":110,"column":25},"end":{"line":110,"column":27}},"34":{"start":{"line":111,"column":2},"end":{"line":135,"column":3}},"35":{"start":{"line":112,"column":4},"end":{"line":134,"column":6}},"36":{"start":{"line":116,"column":10},"end":{"line":120,"column":11}},"37":{"start":{"line":117,"column":12},"end":{"line":117,"column":38}},"38":{"start":{"line":119,"column":12},"end":{"line":119,"column":35}},"39":{"start":{"line":136,"column":2},"end":{"line":265,"column":4}},"40":{"start":{"line":193,"column":16},"end":{"line":193,"column":34}},"41":{"start":{"line":194,"column":16},"end":{"line":194,"column":39}},"42":{"start":{"line":219,"column":16},"end":{"line":219,"column":39}},"43":{"start":{"line":246,"column":12},"end":{"line":246,"column":35}},"44":{"start":{"line":267,"column":15},"end":{"line":278,"column":2}}},"fnMap":{"0":{"name":"Filters","decl":{"start":{"line":15,"column":9},"end":{"line":15,"column":16}},"loc":{"start":{"line":15,"column":24},"end":{"line":266,"column":1}},"line":15},"1":{"name":"removeGenre","decl":{"start":{"line":56,"column":11},"end":{"line":56,"column":22}},"loc":{"start":{"line":56,"column":30},"end":{"line":63,"column":3}},"line":56},"2":{"name":"addGenre","decl":{"start":{"line":64,"column":11},"end":{"line":64,"column":19}},"loc":{"start":{"line":64,"column":27},"end":{"line":68,"column":3}},"line":64},"3":{"name":"removeService","decl":{"start":{"line":69,"column":11},"end":{"line":69,"column":24}},"loc":{"start":{"line":69,"column":34},"end":{"line":76,"column":3}},"line":69},"4":{"name":"addService","decl":{"start":{"line":77,"column":11},"end":{"line":77,"column":21}},"loc":{"start":{"line":77,"column":31},"end":{"line":81,"column":3}},"line":77},"5":{"name":"(anonymous_5)","decl":{"start":{"line":88,"column":17},"end":{"line":88,"column":18}},"loc":{"start":{"line":88,"column":23},"end":{"line":94,"column":9}},"line":88},"6":{"name":"(anonymous_6)","decl":{"start":{"line":115,"column":17},"end":{"line":115,"column":18}},"loc":{"start":{"line":115,"column":23},"end":{"line":121,"column":9}},"line":115},"7":{"name":"(anonymous_7)","decl":{"start":{"line":192,"column":23},"end":{"line":192,"column":24}},"loc":{"start":{"line":192,"column":29},"end":{"line":195,"column":15}},"line":192},"8":{"name":"(anonymous_8)","decl":{"start":{"line":218,"column":23},"end":{"line":218,"column":24}},"loc":{"start":{"line":218,"column":29},"end":{"line":220,"column":15}},"line":218},"9":{"name":"(anonymous_9)","decl":{"start":{"line":245,"column":19},"end":{"line":245,"column":20}},"loc":{"start":{"line":245,"column":25},"end":{"line":247,"column":11}},"line":245}},"branchMap":{"0":{"loc":{"start":{"line":52,"column":2},"end":{"line":54,"column":3}},"type":"if","locations":[{"start":{"line":52,"column":2},"end":{"line":54,"column":3}},{"start":{},"end":{}}],"line":52},"1":{"loc":{"start":{"line":59,"column":4},"end":{"line":59,"column":74}},"type":"cond-expr","locations":[{"start":{"line":59,"column":16},"end":{"line":59,"column":40}},{"start":{"line":59,"column":43},"end":{"line":59,"column":74}}],"line":59},"2":{"loc":{"start":{"line":72,"column":4},"end":{"line":72,"column":76}},"type":"cond-expr","locations":[{"start":{"line":72,"column":16},"end":{"line":72,"column":42}},{"start":{"line":72,"column":45},"end":{"line":72,"column":76}}],"line":72},"3":{"loc":{"start":{"line":89,"column":10},"end":{"line":93,"column":11}},"type":"if","locations":[{"start":{"line":89,"column":10},"end":{"line":93,"column":11}},{"start":{"line":91,"column":17},"end":{"line":93,"column":11}}],"line":89},"4":{"loc":{"start":{"line":99,"column":12},"end":{"line":101,"column":33}},"type":"cond-expr","locations":[{"start":{"line":100,"column":16},"end":{"line":100,"column":31}},{"start":{"line":101,"column":16},"end":{"line":101,"column":33}}],"line":99},"5":{"loc":{"start":{"line":116,"column":10},"end":{"line":120,"column":11}},"type":"if","locations":[{"start":{"line":116,"column":10},"end":{"line":120,"column":11}},{"start":{"line":118,"column":17},"end":{"line":120,"column":11}}],"line":116},"6":{"loc":{"start":{"line":126,"column":12},"end":{"line":128,"column":33}},"type":"cond-expr","locations":[{"start":{"line":127,"column":16},"end":{"line":127,"column":31}},{"start":{"line":128,"column":16},"end":{"line":128,"column":33}}],"line":126},"7":{"loc":{"start":{"line":138,"column":7},"end":{"line":263,"column":7}},"type":"cond-expr","locations":[{"start":{"line":139,"column":8},"end":{"line":242,"column":15}},{"start":{"line":244,"column":8},"end":{"line":262,"column":35}}],"line":138},"8":{"loc":{"start":{"line":190,"column":11},"end":{"line":241,"column":11}},"type":"cond-expr","locations":[{"start":{"line":191,"column":12},"end":{"line":215,"column":39}},{"start":{"line":217,"column":12},"end":{"line":240,"column":39}}],"line":190}},"s":{"0":2,"1":2,"2":2,"3":2,"4":2,"5":2,"6":2,"7":2,"8":1,"9":0,"10":0,"11":0,"12":0,"13":0,"14":0,"15":0,"16":0,"17":0,"18":0,"19":0,"20":0,"21":0,"22":0,"23":0,"24":0,"25":0,"26":0,"27":2,"28":2,"29":36,"30":0,"31":0,"32":0,"33":2,"34":2,"35":14,"36":0,"37":0,"38":0,"39":2,"40":0,"41":0,"42":0,"43":0,"44":4},"f":{"0":2,"1":0,"2":0,"3":0,"4":0,"5":0,"6":0,"7":0,"8":0,"9":0},"b":{"0":[1,1],"1":[0,0],"2":[0,0],"3":[0,0],"4":[0,36],"5":[0,0],"6":[0,14],"7":[0,2],"8":[0,0]},"_coverageSchema":"1a1c01bbd47fc00a2c39e90264f33305004495a9","hash":"a71b0877c16a7acbbfee8c0e0f3e8b6f3e0a2263"}
,"C:\\Users\\Mark\\Desktop\\Projects\\GitHub\\Personal\\movie-night\\app\\components\\GroupSettings.js": {"path":"C:\\Users\\Mark\\Desktop\\Projects\\GitHub\\Personal\\movie-night\\app\\components\\GroupSettings.js","statementMap":{"0":{"start":{"line":7,"column":26},"end":{"line":7,"column":41}},"1":{"start":{"line":9,"column":2},"end":{"line":204,"column":4}},"2":{"start":{"line":172,"column":12},"end":{"line":177,"column":13}},"3":{"start":{"line":173,"column":14},"end":{"line":173,"column":29}},"4":{"start":{"line":174,"column":14},"end":{"line":174,"column":45}},"5":{"start":{"line":176,"column":14},"end":{"line":176,"column":29}}},"fnMap":{"0":{"name":"GroupSettings","decl":{"start":{"line":6,"column":9},"end":{"line":6,"column":22}},"loc":{"start":{"line":6,"column":30},"end":{"line":205,"column":1}},"line":6},"1":{"name":"(anonymous_1)","decl":{"start":{"line":171,"column":19},"end":{"line":171,"column":20}},"loc":{"start":{"line":171,"column":25},"end":{"line":178,"column":11}},"line":171}},"branchMap":{"0":{"loc":{"start":{"line":84,"column":13},"end":{"line":94,"column":13}},"type":"binary-expr","locations":[{"start":{"line":84,"column":13},"end":{"line":84,"column":18}},{"start":{"line":85,"column":14},"end":{"line":93,"column":21}}],"line":84},"1":{"loc":{"start":{"line":96,"column":13},"end":{"line":111,"column":13}},"type":"binary-expr","locations":[{"start":{"line":96,"column":13},"end":{"line":96,"column":17}},{"start":{"line":97,"column":14},"end":{"line":110,"column":16}}],"line":96},"2":{"loc":{"start":{"line":103,"column":22},"end":{"line":103,"column":78}},"type":"cond-expr","locations":[{"start":{"line":103,"column":51},"end":{"line":103,"column":64}},{"start":{"line":103,"column":67},"end":{"line":103,"column":78}}],"line":103},"3":{"loc":{"start":{"line":137,"column":13},"end":{"line":147,"column":13}},"type":"binary-expr","locations":[{"start":{"line":137,"column":13},"end":{"line":137,"column":18}},{"start":{"line":138,"column":14},"end":{"line":146,"column":21}}],"line":137},"4":{"loc":{"start":{"line":149,"column":13},"end":{"line":165,"column":13}},"type":"binary-expr","locations":[{"start":{"line":149,"column":13},"end":{"line":149,"column":17}},{"start":{"line":150,"column":14},"end":{"line":164,"column":16}}],"line":149},"5":{"loc":{"start":{"line":156,"column":22},"end":{"line":156,"column":78}},"type":"cond-expr","locations":[{"start":{"line":156,"column":51},"end":{"line":156,"column":64}},{"start":{"line":156,"column":67},"end":{"line":156,"column":78}}],"line":156},"6":{"loc":{"start":{"line":169,"column":7},"end":{"line":202,"column":7}},"type":"binary-expr","locations":[{"start":{"line":169,"column":7},"end":{"line":169,"column":20}},{"start":{"line":170,"column":8},"end":{"line":201,"column":35}}],"line":169},"7":{"loc":{"start":{"line":172,"column":12},"end":{"line":177,"column":13}},"type":"if","locations":[{"start":{"line":172,"column":12},"end":{"line":177,"column":13}},{"start":{"line":175,"column":19},"end":{"line":177,"column":13}}],"line":172},"8":{"loc":{"start":{"line":186,"column":16},"end":{"line":188,"column":36}},"type":"cond-expr","locations":[{"start":{"line":187,"column":20},"end":{"line":187,"column":31}},{"start":{"line":188,"column":20},"end":{"line":188,"column":36}}],"line":186},"9":{"loc":{"start":{"line":186,"column":16},"end":{"line":186,"column":72}},"type":"binary-expr","locations":[{"start":{"line":186,"column":16},"end":{"line":186,"column":42}},{"start":{"line":186,"column":46},"end":{"line":186,"column":72}}],"line":186},"10":{"loc":{"start":{"line":198,"column":15},"end":{"line":198,"column":38}},"type":"cond-expr","locations":[{"start":{"line":198,"column":23},"end":{"line":198,"column":29}},{"start":{"line":198,"column":32},"end":{"line":198,"column":38}}],"line":198}},"s":{"0":1,"1":1,"2":0,"3":0,"4":0,"5":0},"f":{"0":1,"1":0},"b":{"0":[1,1],"1":[1,0],"2":[0,0],"3":[1,1],"4":[1,0],"5":[0,0],"6":[1,0],"7":[0,0],"8":[0,0],"9":[0,0],"10":[0,0]},"_coverageSchema":"1a1c01bbd47fc00a2c39e90264f33305004495a9","hash":"bcf447982c502ba968a735597ff9d3ef0ba15afb"}
,"C:\\Users\\Mark\\Desktop\\Projects\\GitHub\\Personal\\movie-night\\app\\components\\JoinGroupPopup.js": {"path":"C:\\Users\\Mark\\Desktop\\Projects\\GitHub\\Personal\\movie-night\\app\\components\\JoinGroupPopup.js","statementMap":{"0":{"start":{"line":19,"column":20},"end":{"line":19,"column":35}},"1":{"start":{"line":20,"column":26},"end":{"line":20,"column":47}},"2":{"start":{"line":22,"column":39},"end":{"line":22,"column":57}},"3":{"start":{"line":23,"column":31},"end":{"line":23,"column":49}},"4":{"start":{"line":24,"column":26},"end":{"line":24,"column":46}},"5":{"start":{"line":29,"column":19},"end":{"line":29,"column":24}},"6":{"start":{"line":30,"column":4},"end":{"line":32,"column":5}},"7":{"start":{"line":31,"column":6},"end":{"line":31,"column":32}},"8":{"start":{"line":34,"column":4},"end":{"line":60,"column":9}},"9":{"start":{"line":46,"column":26},"end":{"line":46,"column":41}},"10":{"start":{"line":48,"column":8},"end":{"line":56,"column":9}},"11":{"start":{"line":49,"column":10},"end":{"line":49,"column":41}},"12":{"start":{"line":51,"column":10},"end":{"line":51,"column":33}},"13":{"start":{"line":52,"column":10},"end":{"line":52,"column":30}},"14":{"start":{"line":53,"column":10},"end":{"line":53,"column":26}},"15":{"start":{"line":54,"column":10},"end":{"line":54,"column":41}},"16":{"start":{"line":55,"column":10},"end":{"line":55,"column":33}},"17":{"start":{"line":59,"column":8},"end":{"line":59,"column":29}},"18":{"start":{"line":64,"column":4},"end":{"line":72,"column":5}},"19":{"start":{"line":65,"column":6},"end":{"line":65,"column":42}},"20":{"start":{"line":69,"column":6},"end":{"line":69,"column":21}},"21":{"start":{"line":75,"column":18},"end":{"line":79,"column":3}},"22":{"start":{"line":76,"column":4},"end":{"line":76,"column":24}},"23":{"start":{"line":77,"column":4},"end":{"line":77,"column":20}},"24":{"start":{"line":78,"column":4},"end":{"line":78,"column":27}},"25":{"start":{"line":81,"column":26},"end":{"line":86,"column":3}},"26":{"start":{"line":82,"column":4},"end":{"line":85,"column":5}},"27":{"start":{"line":84,"column":6},"end":{"line":84,"column":25}},"28":{"start":{"line":88,"column":2},"end":{"line":251,"column":4}}},"fnMap":{"0":{"name":"JoinGroupPopup","decl":{"start":{"line":18,"column":9},"end":{"line":18,"column":23}},"loc":{"start":{"line":18,"column":31},"end":{"line":252,"column":1}},"line":18},"1":{"name":"joinGroupAPI","decl":{"start":{"line":26,"column":11},"end":{"line":26,"column":23}},"loc":{"start":{"line":26,"column":26},"end":{"line":61,"column":3}},"line":26},"2":{"name":"(anonymous_2)","decl":{"start":{"line":46,"column":12},"end":{"line":46,"column":13}},"loc":{"start":{"line":46,"column":26},"end":{"line":46,"column":41}},"line":46},"3":{"name":"(anonymous_3)","decl":{"start":{"line":47,"column":12},"end":{"line":47,"column":13}},"loc":{"start":{"line":47,"column":30},"end":{"line":57,"column":7}},"line":47},"4":{"name":"(anonymous_4)","decl":{"start":{"line":58,"column":13},"end":{"line":58,"column":14}},"loc":{"start":{"line":58,"column":24},"end":{"line":60,"column":7}},"line":58},"5":{"name":"onSubmit","decl":{"start":{"line":63,"column":11},"end":{"line":63,"column":19}},"loc":{"start":{"line":63,"column":22},"end":{"line":73,"column":3}},"line":63},"6":{"name":"(anonymous_6)","decl":{"start":{"line":75,"column":18},"end":{"line":75,"column":19}},"loc":{"start":{"line":75,"column":24},"end":{"line":79,"column":3}},"line":75},"7":{"name":"(anonymous_7)","decl":{"start":{"line":81,"column":26},"end":{"line":81,"column":27}},"loc":{"start":{"line":81,"column":32},"end":{"line":86,"column":3}},"line":81}},"branchMap":{"0":{"loc":{"start":{"line":30,"column":4},"end":{"line":32,"column":5}},"type":"if","locations":[{"start":{"line":30,"column":4},"end":{"line":32,"column":5}},{"start":{},"end":{}}],"line":30},"1":{"loc":{"start":{"line":48,"column":8},"end":{"line":56,"column":9}},"type":"if","locations":[{"start":{"line":48,"column":8},"end":{"line":56,"column":9}},{"start":{"line":50,"column":15},"end":{"line":56,"column":9}}],"line":48},"2":{"loc":{"start":{"line":64,"column":4},"end":{"line":72,"column":5}},"type":"if","locations":[{"start":{"line":64,"column":4},"end":{"line":72,"column":5}},{"start":{"line":66,"column":11},"end":{"line":72,"column":5}}],"line":64},"3":{"loc":{"start":{"line":82,"column":4},"end":{"line":85,"column":5}},"type":"if","locations":[{"start":{"line":82,"column":4},"end":{"line":85,"column":5}},{"start":{"line":83,"column":11},"end":{"line":85,"column":5}}],"line":82},"4":{"loc":{"start":{"line":94,"column":7},"end":{"line":249,"column":7}},"type":"cond-expr","locations":[{"start":{"line":95,"column":8},"end":{"line":169,"column":16}},{"start":{"line":171,"column":8},"end":{"line":248,"column":22}}],"line":94}},"s":{"0":1,"1":1,"2":1,"3":1,"4":1,"5":0,"6":0,"7":0,"8":0,"9":0,"10":0,"11":0,"12":0,"13":0,"14":0,"15":0,"16":0,"17":0,"18":0,"19":0,"20":0,"21":1,"22":0,"23":0,"24":0,"25":1,"26":0,"27":0,"28":1},"f":{"0":1,"1":0,"2":0,"3":0,"4":0,"5":0,"6":0,"7":0},"b":{"0":[0,0],"1":[0,0],"2":[0,0],"3":[0,0],"4":[0,1]},"_coverageSchema":"1a1c01bbd47fc00a2c39e90264f33305004495a9","hash":"b2e7420d9ec3adc5035907f249570a27de2767c3"}
,"C:\\Users\\Mark\\Desktop\\Projects\\GitHub\\Personal\\movie-night\\app\\components\\MemberInfo.js": {"path":"C:\\Users\\Mark\\Desktop\\Projects\\GitHub\\Personal\\movie-night\\app\\components\\MemberInfo.js","statementMap":{"0":{"start":{"line":16,"column":36},"end":{"line":16,"column":51}},"1":{"start":{"line":17,"column":28},"end":{"line":17,"column":40}},"2":{"start":{"line":18,"column":34},"end":{"line":18,"column":49}},"3":{"start":{"line":19,"column":2},"end":{"line":308,"column":4}},"4":{"start":{"line":102,"column":20},"end":{"line":102,"column":39}},"5":{"start":{"line":121,"column":22},"end":{"line":124,"column":23}},"6":{"start":{"line":122,"column":24},"end":{"line":122,"column":49}},"7":{"start":{"line":123,"column":24},"end":{"line":123,"column":44}},"8":{"start":{"line":141,"column":22},"end":{"line":141,"column":42}},"9":{"start":{"line":157,"column":14},"end":{"line":157,"column":33}},"10":{"start":{"line":216,"column":16},"end":{"line":218,"column":17}},"11":{"start":{"line":217,"column":18},"end":{"line":217,"column":41}},"12":{"start":{"line":243,"column":18},"end":{"line":246,"column":20}},"13":{"start":{"line":277,"column":18},"end":{"line":277,"column":65}}},"fnMap":{"0":{"name":"MemberInfo","decl":{"start":{"line":15,"column":9},"end":{"line":15,"column":19}},"loc":{"start":{"line":15,"column":27},"end":{"line":309,"column":1}},"line":15},"1":{"name":"(anonymous_1)","decl":{"start":{"line":101,"column":27},"end":{"line":101,"column":28}},"loc":{"start":{"line":101,"column":33},"end":{"line":103,"column":19}},"line":101},"2":{"name":"(anonymous_2)","decl":{"start":{"line":120,"column":29},"end":{"line":120,"column":30}},"loc":{"start":{"line":120,"column":35},"end":{"line":125,"column":21}},"line":120},"3":{"name":"(anonymous_3)","decl":{"start":{"line":140,"column":29},"end":{"line":140,"column":30}},"loc":{"start":{"line":140,"column":35},"end":{"line":142,"column":21}},"line":140},"4":{"name":"(anonymous_4)","decl":{"start":{"line":156,"column":21},"end":{"line":156,"column":22}},"loc":{"start":{"line":156,"column":27},"end":{"line":158,"column":13}},"line":156},"5":{"name":"(anonymous_5)","decl":{"start":{"line":215,"column":23},"end":{"line":215,"column":24}},"loc":{"start":{"line":215,"column":29},"end":{"line":219,"column":15}},"line":215},"6":{"name":"(anonymous_6)","decl":{"start":{"line":242,"column":25},"end":{"line":242,"column":26}},"loc":{"start":{"line":242,"column":31},"end":{"line":247,"column":17}},"line":242},"7":{"name":"(anonymous_7)","decl":{"start":{"line":276,"column":25},"end":{"line":276,"column":26}},"loc":{"start":{"line":276,"column":31},"end":{"line":278,"column":17}},"line":276}},"branchMap":{"0":{"loc":{"start":{"line":21,"column":7},"end":{"line":306,"column":7}},"type":"cond-expr","locations":[{"start":{"line":22,"column":8},"end":{"line":181,"column":15}},{"start":{"line":183,"column":8},"end":{"line":305,"column":15}}],"line":21},"1":{"loc":{"start":{"line":32,"column":13},"end":{"line":58,"column":13}},"type":"cond-expr","locations":[{"start":{"line":33,"column":14},"end":{"line":35,"column":21}},{"start":{"line":37,"column":14},"end":{"line":57,"column":21}}],"line":32},"2":{"loc":{"start":{"line":60,"column":15},"end":{"line":95,"column":15}},"type":"cond-expr","locations":[{"start":{"line":61,"column":16},"end":{"line":75,"column":23}},{"start":{"line":77,"column":16},"end":{"line":94,"column":23}}],"line":60},"3":{"loc":{"start":{"line":86,"column":37},"end":{"line":86,"column":79}},"type":"cond-expr","locations":[{"start":{"line":86,"column":56},"end":{"line":86,"column":69}},{"start":{"line":86,"column":72},"end":{"line":86,"column":79}}],"line":86},"4":{"loc":{"start":{"line":98,"column":13},"end":{"line":148,"column":13}},"type":"cond-expr","locations":[{"start":{"line":99,"column":14},"end":{"line":107,"column":21}},{"start":{"line":109,"column":14},"end":{"line":147,"column":21}}],"line":98},"5":{"loc":{"start":{"line":114,"column":37},"end":{"line":114,"column":77}},"type":"cond-expr","locations":[{"start":{"line":114,"column":56},"end":{"line":114,"column":67}},{"start":{"line":114,"column":70},"end":{"line":114,"column":77}}],"line":114},"6":{"loc":{"start":{"line":121,"column":22},"end":{"line":124,"column":23}},"type":"if","locations":[{"start":{"line":121,"column":22},"end":{"line":124,"column":23}},{"start":{},"end":{}}],"line":121},"7":{"loc":{"start":{"line":153,"column":25},"end":{"line":153,"column":67}},"type":"cond-expr","locations":[{"start":{"line":153,"column":49},"end":{"line":153,"column":56}},{"start":{"line":153,"column":59},"end":{"line":153,"column":67}}],"line":153},"8":{"loc":{"start":{"line":210,"column":17},"end":{"line":210,"column":56}},"type":"cond-expr","locations":[{"start":{"line":210,"column":41},"end":{"line":210,"column":51}},{"start":{"line":210,"column":54},"end":{"line":210,"column":56}}],"line":210},"9":{"loc":{"start":{"line":211,"column":17},"end":{"line":211,"column":58}},"type":"cond-expr","locations":[{"start":{"line":211,"column":42},"end":{"line":211,"column":53}},{"start":{"line":211,"column":56},"end":{"line":211,"column":58}}],"line":211},"10":{"loc":{"start":{"line":216,"column":16},"end":{"line":218,"column":17}},"type":"if","locations":[{"start":{"line":216,"column":16},"end":{"line":218,"column":17}},{"start":{},"end":{}}],"line":216},"11":{"loc":{"start":{"line":230,"column":24},"end":{"line":230,"column":54}},"type":"cond-expr","locations":[{"start":{"line":230,"column":35},"end":{"line":230,"column":45}},{"start":{"line":230,"column":48},"end":{"line":230,"column":54}}],"line":230},"12":{"loc":{"start":{"line":231,"column":25},"end":{"line":231,"column":57}},"type":"cond-expr","locations":[{"start":{"line":231,"column":41},"end":{"line":231,"column":47}},{"start":{"line":231,"column":50},"end":{"line":231,"column":57}}],"line":231},"13":{"loc":{"start":{"line":237,"column":11},"end":{"line":237,"column":39}},"type":"binary-expr","locations":[{"start":{"line":237,"column":11},"end":{"line":237,"column":19}},{"start":{"line":237,"column":23},"end":{"line":237,"column":39}}],"line":237},"14":{"loc":{"start":{"line":239,"column":11},"end":{"line":304,"column":11}},"type":"binary-expr","locations":[{"start":{"line":239,"column":11},"end":{"line":239,"column":24}},{"start":{"line":239,"column":28},"end":{"line":239,"column":36}},{"start":{"line":240,"column":12},"end":{"line":303,"column":19}}],"line":239},"15":{"loc":{"start":{"line":269,"column":21},"end":{"line":271,"column":42}},"type":"cond-expr","locations":[{"start":{"line":270,"column":24},"end":{"line":270,"column":42}},{"start":{"line":271,"column":24},"end":{"line":271,"column":42}}],"line":269}},"s":{"0":2,"1":1,"2":1,"3":1,"4":0,"5":0,"6":0,"7":0,"8":0,"9":0,"10":0,"11":0,"12":0,"13":0},"f":{"0":2,"1":0,"2":0,"3":0,"4":0,"5":0,"6":0,"7":0},"b":{"0":[0,1],"1":[0,0],"2":[0,0],"3":[0,0],"4":[0,0],"5":[0,0],"6":[0,0],"7":[0,0],"8":[0,0],"9":[0,0],"10":[0,0],"11":[0,0],"12":[0,0],"13":[0,0],"14":[0,0,0],"15":[0,0]},"_coverageSchema":"1a1c01bbd47fc00a2c39e90264f33305004495a9","hash":"06d00dfdbc2db6acf71c27bba6f7f9d97c6d9ea2"}
,"C:\\Users\\Mark\\Desktop\\Projects\\GitHub\\Personal\\movie-night\\app\\components\\Movie.js": {"path":"C:\\Users\\Mark\\Desktop\\Projects\\GitHub\\Personal\\movie-night\\app\\components\\Movie.js","statementMap":{"0":{"start":{"line":18,"column":32},"end":{"line":18,"column":44}},"1":{"start":{"line":19,"column":28},"end":{"line":19,"column":40}},"2":{"start":{"line":20,"column":26},"end":{"line":20,"column":41}},"3":{"start":{"line":21,"column":28},"end":{"line":21,"column":43}},"4":{"start":{"line":22,"column":38},"end":{"line":22,"column":70}},"5":{"start":{"line":23,"column":34},"end":{"line":23,"column":49}},"6":{"start":{"line":25,"column":15},"end":{"line":25,"column":74}},"7":{"start":{"line":26,"column":2},"end":{"line":26,"column":22}},"8":{"start":{"line":29,"column":4},"end":{"line":29,"column":51}},"9":{"start":{"line":29,"column":36},"end":{"line":29,"column":51}},"10":{"start":{"line":30,"column":4},"end":{"line":30,"column":52}},"11":{"start":{"line":30,"column":35},"end":{"line":30,"column":52}},"12":{"start":{"line":31,"column":4},"end":{"line":31,"column":51}},"13":{"start":{"line":31,"column":35},"end":{"line":31,"column":51}},"14":{"start":{"line":32,"column":4},"end":{"line":32,"column":52}},"15":{"start":{"line":32,"column":35},"end":{"line":32,"column":52}},"16":{"start":{"line":33,"column":4},"end":{"line":33,"column":50}},"17":{"start":{"line":33,"column":35},"end":{"line":33,"column":50}},"18":{"start":{"line":34,"column":4},"end":{"line":34,"column":21}},"19":{"start":{"line":37,"column":39},"end":{"line":37,"column":59}},"20":{"start":{"line":40,"column":4},"end":{"line":62,"column":9}},"21":{"start":{"line":51,"column":26},"end":{"line":51,"column":41}},"22":{"start":{"line":53,"column":8},"end":{"line":58,"column":9}},"23":{"start":{"line":54,"column":10},"end":{"line":54,"column":63}},"24":{"start":{"line":56,"column":10},"end":{"line":56,"column":36}},"25":{"start":{"line":57,"column":10},"end":{"line":57,"column":25}},"26":{"start":{"line":61,"column":8},"end":{"line":61,"column":29}},"27":{"start":{"line":64,"column":4},"end":{"line":64,"column":19}},"28":{"start":{"line":66,"column":2},"end":{"line":306,"column":4}},"29":{"start":{"line":69,"column":49},"end":{"line":69,"column":71}},"30":{"start":{"line":129,"column":18},"end":{"line":129,"column":41}},"31":{"start":{"line":161,"column":57},"end":{"line":161,"column":77}},"32":{"start":{"line":271,"column":22},"end":{"line":276,"column":23}},"33":{"start":{"line":272,"column":24},"end":{"line":272,"column":39}},"34":{"start":{"line":273,"column":24},"end":{"line":273,"column":55}},"35":{"start":{"line":275,"column":24},"end":{"line":275,"column":39}}},"fnMap":{"0":{"name":"Movie","decl":{"start":{"line":17,"column":9},"end":{"line":17,"column":14}},"loc":{"start":{"line":17,"column":22},"end":{"line":307,"column":1}},"line":17},"1":{"name":"getColor","decl":{"start":{"line":28,"column":11},"end":{"line":28,"column":19}},"loc":{"start":{"line":28,"column":22},"end":{"line":35,"column":3}},"line":28},"2":{"name":"addMovieToQueueAPI","decl":{"start":{"line":39,"column":11},"end":{"line":39,"column":29}},"loc":{"start":{"line":39,"column":32},"end":{"line":65,"column":3}},"line":39},"3":{"name":"(anonymous_3)","decl":{"start":{"line":51,"column":12},"end":{"line":51,"column":13}},"loc":{"start":{"line":51,"column":26},"end":{"line":51,"column":41}},"line":51},"4":{"name":"(anonymous_4)","decl":{"start":{"line":52,"column":12},"end":{"line":52,"column":13}},"loc":{"start":{"line":52,"column":30},"end":{"line":59,"column":7}},"line":52},"5":{"name":"(anonymous_5)","decl":{"start":{"line":60,"column":13},"end":{"line":60,"column":14}},"loc":{"start":{"line":60,"column":24},"end":{"line":62,"column":7}},"line":60},"6":{"name":"(anonymous_6)","decl":{"start":{"line":69,"column":43},"end":{"line":69,"column":44}},"loc":{"start":{"line":69,"column":49},"end":{"line":69,"column":71}},"line":69},"7":{"name":"(anonymous_7)","decl":{"start":{"line":128,"column":25},"end":{"line":128,"column":26}},"loc":{"start":{"line":128,"column":31},"end":{"line":130,"column":17}},"line":128},"8":{"name":"(anonymous_8)","decl":{"start":{"line":161,"column":51},"end":{"line":161,"column":52}},"loc":{"start":{"line":161,"column":57},"end":{"line":161,"column":77}},"line":161},"9":{"name":"(anonymous_9)","decl":{"start":{"line":270,"column":29},"end":{"line":270,"column":30}},"loc":{"start":{"line":270,"column":35},"end":{"line":277,"column":21}},"line":270}},"branchMap":{"0":{"loc":{"start":{"line":29,"column":4},"end":{"line":29,"column":51}},"type":"if","locations":[{"start":{"line":29,"column":4},"end":{"line":29,"column":51}},{"start":{},"end":{}}],"line":29},"1":{"loc":{"start":{"line":30,"column":4},"end":{"line":30,"column":52}},"type":"if","locations":[{"start":{"line":30,"column":4},"end":{"line":30,"column":52}},{"start":{},"end":{}}],"line":30},"2":{"loc":{"start":{"line":31,"column":4},"end":{"line":31,"column":51}},"type":"if","locations":[{"start":{"line":31,"column":4},"end":{"line":31,"column":51}},{"start":{},"end":{}}],"line":31},"3":{"loc":{"start":{"line":32,"column":4},"end":{"line":32,"column":52}},"type":"if","locations":[{"start":{"line":32,"column":4},"end":{"line":32,"column":52}},{"start":{},"end":{}}],"line":32},"4":{"loc":{"start":{"line":33,"column":4},"end":{"line":33,"column":50}},"type":"if","locations":[{"start":{"line":33,"column":4},"end":{"line":33,"column":50}},{"start":{},"end":{}}],"line":33},"5":{"loc":{"start":{"line":53,"column":8},"end":{"line":58,"column":9}},"type":"if","locations":[{"start":{"line":53,"column":8},"end":{"line":58,"column":9}},{"start":{"line":55,"column":15},"end":{"line":58,"column":9}}],"line":53},"6":{"loc":{"start":{"line":98,"column":17},"end":{"line":100,"column":22}},"type":"cond-expr","locations":[{"start":{"line":99,"column":20},"end":{"line":99,"column":72}},{"start":{"line":100,"column":20},"end":{"line":100,"column":22}}],"line":98},"7":{"loc":{"start":{"line":103,"column":13},"end":{"line":147,"column":13}},"type":"cond-expr","locations":[{"start":{"line":104,"column":14},"end":{"line":125,"column":21}},{"start":{"line":127,"column":14},"end":{"line":146,"column":41}}],"line":103},"8":{"loc":{"start":{"line":141,"column":26},"end":{"line":141,"column":56}},"type":"cond-expr","locations":[{"start":{"line":141,"column":37},"end":{"line":141,"column":47}},{"start":{"line":141,"column":50},"end":{"line":141,"column":56}}],"line":141},"9":{"loc":{"start":{"line":150,"column":9},"end":{"line":150,"column":37}},"type":"binary-expr","locations":[{"start":{"line":150,"column":9},"end":{"line":150,"column":17}},{"start":{"line":150,"column":21},"end":{"line":150,"column":37}}],"line":150},"10":{"loc":{"start":{"line":152,"column":9},"end":{"line":303,"column":9}},"type":"binary-expr","locations":[{"start":{"line":152,"column":9},"end":{"line":152,"column":17}},{"start":{"line":153,"column":10},"end":{"line":302,"column":17}}],"line":152},"11":{"loc":{"start":{"line":159,"column":13},"end":{"line":205,"column":13}},"type":"binary-expr","locations":[{"start":{"line":159,"column":13},"end":{"line":159,"column":44}},{"start":{"line":160,"column":14},"end":{"line":204,"column":21}}],"line":159},"12":{"loc":{"start":{"line":170,"column":39},"end":{"line":170,"column":75}},"type":"cond-expr","locations":[{"start":{"line":170,"column":47},"end":{"line":170,"column":56}},{"start":{"line":170,"column":59},"end":{"line":170,"column":75}}],"line":170},"13":{"loc":{"start":{"line":175,"column":21},"end":{"line":201,"column":21}},"type":"cond-expr","locations":[{"start":{"line":176,"column":22},"end":{"line":190,"column":29}},{"start":{"line":192,"column":22},"end":{"line":200,"column":29}}],"line":175},"14":{"loc":{"start":{"line":206,"column":13},"end":{"line":301,"column":13}},"type":"binary-expr","locations":[{"start":{"line":206,"column":13},"end":{"line":206,"column":44}},{"start":{"line":207,"column":14},"end":{"line":300,"column":21}}],"line":206},"15":{"loc":{"start":{"line":225,"column":19},"end":{"line":260,"column":19}},"type":"cond-expr","locations":[{"start":{"line":226,"column":20},"end":{"line":248,"column":22}},{"start":{"line":250,"column":20},"end":{"line":259,"column":27}}],"line":225},"16":{"loc":{"start":{"line":233,"column":28},"end":{"line":237,"column":43}},"type":"cond-expr","locations":[{"start":{"line":236,"column":32},"end":{"line":236,"column":45}},{"start":{"line":237,"column":32},"end":{"line":237,"column":43}}],"line":233},"17":{"loc":{"start":{"line":233,"column":28},"end":{"line":235,"column":53}},"type":"binary-expr","locations":[{"start":{"line":233,"column":28},"end":{"line":233,"column":49}},{"start":{"line":234,"column":28},"end":{"line":234,"column":49}},{"start":{"line":235,"column":28},"end":{"line":235,"column":53}}],"line":233},"18":{"loc":{"start":{"line":271,"column":22},"end":{"line":276,"column":23}},"type":"if","locations":[{"start":{"line":271,"column":22},"end":{"line":276,"column":23}},{"start":{"line":274,"column":29},"end":{"line":276,"column":23}}],"line":271},"19":{"loc":{"start":{"line":285,"column":26},"end":{"line":289,"column":46}},"type":"cond-expr","locations":[{"start":{"line":288,"column":30},"end":{"line":288,"column":41}},{"start":{"line":289,"column":30},"end":{"line":289,"column":46}}],"line":285},"20":{"loc":{"start":{"line":285,"column":26},"end":{"line":287,"column":51}},"type":"binary-expr","locations":[{"start":{"line":285,"column":26},"end":{"line":285,"column":47}},{"start":{"line":286,"column":26},"end":{"line":286,"column":47}},{"start":{"line":287,"column":26},"end":{"line":287,"column":51}}],"line":285},"21":{"loc":{"start":{"line":295,"column":25},"end":{"line":295,"column":48}},"type":"cond-expr","locations":[{"start":{"line":295,"column":33},"end":{"line":295,"column":39}},{"start":{"line":295,"column":42},"end":{"line":295,"column":48}}],"line":295}},"s":{"0":1,"1":1,"2":1,"3":1,"4":1,"5":1,"6":1,"7":1,"8":1,"9":1,"10":0,"11":0,"12":0,"13":0,"14":0,"15":0,"16":0,"17":0,"18":0,"19":1,"20":0,"21":0,"22":0,"23":0,"24":0,"25":0,"26":0,"27":0,"28":1,"29":0,"30":0,"31":0,"32":0,"33":0,"34":0,"35":0},"f":{"0":1,"1":1,"2":0,"3":0,"4":0,"5":0,"6":0,"7":0,"8":0,"9":0},"b":{"0":[1,0],"1":[0,0],"2":[0,0],"3":[0,0],"4":[0,0],"5":[0,0],"6":[0,1],"7":[0,1],"8":[0,1],"9":[1,0],"10":[1,0],"11":[0,0],"12":[0,0],"13":[0,0],"14":[0,0],"15":[0,0],"16":[0,0],"17":[0,0,0],"18":[0,0],"19":[0,0],"20":[0,0,0],"21":[0,0]},"_coverageSchema":"1a1c01bbd47fc00a2c39e90264f33305004495a9","hash":"70a0471138e26861dd0cac53cdaeb3a675cbf60f"}
,"C:\\Users\\Mark\\Desktop\\Projects\\GitHub\\Personal\\movie-night\\app\\components\\Queue.js": {"path":"C:\\Users\\Mark\\Desktop\\Projects\\GitHub\\Personal\\movie-night\\app\\components\\Queue.js","statementMap":{"0":{"start":{"line":18,"column":26},"end":{"line":18,"column":37}},"1":{"start":{"line":19,"column":46},"end":{"line":19,"column":58}},"2":{"start":{"line":20,"column":30},"end":{"line":20,"column":42}},"3":{"start":{"line":21,"column":15},"end":{"line":21,"column":17}},"4":{"start":{"line":22,"column":38},"end":{"line":22,"column":50}},"5":{"start":{"line":24,"column":2},"end":{"line":30,"column":25}},"6":{"start":{"line":25,"column":24},"end":{"line":27,"column":6}},"7":{"start":{"line":26,"column":6},"end":{"line":26,"column":18}},"8":{"start":{"line":29,"column":4},"end":{"line":29,"column":23}},"9":{"start":{"line":33,"column":4},"end":{"line":59,"column":9}},"10":{"start":{"line":40,"column":26},"end":{"line":40,"column":41}},"11":{"start":{"line":42,"column":8},"end":{"line":42,"column":20}},"12":{"start":{"line":43,"column":8},"end":{"line":43,"column":34}},"13":{"start":{"line":44,"column":19},"end":{"line":50,"column":9}},"14":{"start":{"line":51,"column":8},"end":{"line":55,"column":9}},"15":{"start":{"line":52,"column":10},"end":{"line":52,"column":29}},"16":{"start":{"line":53,"column":10},"end":{"line":53,"column":29}},"17":{"start":{"line":54,"column":10},"end":{"line":54,"column":55}},"18":{"start":{"line":58,"column":8},"end":{"line":58,"column":29}},"19":{"start":{"line":62,"column":18},"end":{"line":62,"column":49}},"20":{"start":{"line":63,"column":17},"end":{"line":63,"column":60}},"21":{"start":{"line":66,"column":15},"end":{"line":66,"column":64}},"22":{"start":{"line":68,"column":4},"end":{"line":85,"column":9}},"23":{"start":{"line":75,"column":26},"end":{"line":75,"column":41}},"24":{"start":{"line":77,"column":8},"end":{"line":77,"column":40}},"25":{"start":{"line":78,"column":8},"end":{"line":78,"column":33}},"26":{"start":{"line":79,"column":8},"end":{"line":79,"column":25}},"27":{"start":{"line":79,"column":18},"end":{"line":79,"column":25}},"28":{"start":{"line":80,"column":8},"end":{"line":80,"column":74}},"29":{"start":{"line":80,"column":31},"end":{"line":80,"column":71}},"30":{"start":{"line":81,"column":8},"end":{"line":81,"column":30}},"31":{"start":{"line":84,"column":8},"end":{"line":84,"column":29}},"32":{"start":{"line":117,"column":4},"end":{"line":117,"column":44}},"33":{"start":{"line":120,"column":25},"end":{"line":120,"column":27}},"34":{"start":{"line":121,"column":2},"end":{"line":136,"column":3}},"35":{"start":{"line":122,"column":4},"end":{"line":122,"column":28}},"36":{"start":{"line":123,"column":4},"end":{"line":135,"column":6}},"37":{"start":{"line":133,"column":31},"end":{"line":133,"column":48}},"38":{"start":{"line":138,"column":2},"end":{"line":163,"column":4}}},"fnMap":{"0":{"name":"Queue","decl":{"start":{"line":17,"column":9},"end":{"line":17,"column":14}},"loc":{"start":{"line":17,"column":22},"end":{"line":164,"column":1}},"line":17},"1":{"name":"(anonymous_1)","decl":{"start":{"line":24,"column":18},"end":{"line":24,"column":19}},"loc":{"start":{"line":24,"column":24},"end":{"line":30,"column":3}},"line":24},"2":{"name":"(anonymous_2)","decl":{"start":{"line":25,"column":62},"end":{"line":25,"column":63}},"loc":{"start":{"line":25,"column":68},"end":{"line":27,"column":5}},"line":25},"3":{"name":"getMovies","decl":{"start":{"line":32,"column":11},"end":{"line":32,"column":20}},"loc":{"start":{"line":32,"column":39},"end":{"line":60,"column":3}},"line":32},"4":{"name":"(anonymous_4)","decl":{"start":{"line":40,"column":12},"end":{"line":40,"column":13}},"loc":{"start":{"line":40,"column":26},"end":{"line":40,"column":41}},"line":40},"5":{"name":"(anonymous_5)","decl":{"start":{"line":41,"column":12},"end":{"line":41,"column":13}},"loc":{"start":{"line":41,"column":30},"end":{"line":56,"column":7}},"line":41},"6":{"name":"(anonymous_6)","decl":{"start":{"line":57,"column":13},"end":{"line":57,"column":14}},"loc":{"start":{"line":57,"column":24},"end":{"line":59,"column":7}},"line":57},"7":{"name":"addMovieData","decl":{"start":{"line":65,"column":11},"end":{"line":65,"column":23}},"loc":{"start":{"line":65,"column":49},"end":{"line":86,"column":3}},"line":65},"8":{"name":"(anonymous_8)","decl":{"start":{"line":75,"column":12},"end":{"line":75,"column":13}},"loc":{"start":{"line":75,"column":26},"end":{"line":75,"column":41}},"line":75},"9":{"name":"(anonymous_9)","decl":{"start":{"line":76,"column":12},"end":{"line":76,"column":13}},"loc":{"start":{"line":76,"column":30},"end":{"line":82,"column":7}},"line":76},"10":{"name":"(anonymous_10)","decl":{"start":{"line":80,"column":20},"end":{"line":80,"column":21}},"loc":{"start":{"line":80,"column":31},"end":{"line":80,"column":71}},"line":80},"11":{"name":"(anonymous_11)","decl":{"start":{"line":83,"column":13},"end":{"line":83,"column":14}},"loc":{"start":{"line":83,"column":24},"end":{"line":85,"column":7}},"line":83},"12":{"name":"setRatingAPI","decl":{"start":{"line":88,"column":11},"end":{"line":88,"column":23}},"loc":{"start":{"line":88,"column":32},"end":{"line":118,"column":3}},"line":88},"13":{"name":"(anonymous_13)","decl":{"start":{"line":133,"column":22},"end":{"line":133,"column":23}},"loc":{"start":{"line":133,"column":31},"end":{"line":133,"column":48}},"line":133}},"branchMap":{"0":{"loc":{"start":{"line":32,"column":21},"end":{"line":32,"column":37}},"type":"default-arg","locations":[{"start":{"line":32,"column":32},"end":{"line":32,"column":37}}],"line":32},"1":{"loc":{"start":{"line":65,"column":36},"end":{"line":65,"column":47}},"type":"default-arg","locations":[{"start":{"line":65,"column":42},"end":{"line":65,"column":47}}],"line":65},"2":{"loc":{"start":{"line":79,"column":8},"end":{"line":79,"column":25}},"type":"if","locations":[{"start":{"line":79,"column":8},"end":{"line":79,"column":25}},{"start":{},"end":{}}],"line":79},"3":{"loc":{"start":{"line":80,"column":31},"end":{"line":80,"column":71}},"type":"cond-expr","locations":[{"start":{"line":80,"column":65},"end":{"line":80,"column":66}},{"start":{"line":80,"column":69},"end":{"line":80,"column":71}}],"line":80}},"s":{"0":2,"1":1,"2":1,"3":1,"4":1,"5":1,"6":1,"7":0,"8":0,"9":0,"10":0,"11":0,"12":0,"13":0,"14":0,"15":0,"16":0,"17":0,"18":0,"19":1,"20":1,"21":0,"22":0,"23":0,"24":0,"25":0,"26":0,"27":0,"28":0,"29":0,"30":0,"31":0,"32":0,"33":1,"34":1,"35":0,"36":0,"37":0,"38":1},"f":{"0":2,"1":1,"2":0,"3":0,"4":0,"5":0,"6":0,"7":0,"8":0,"9":0,"10":0,"11":0,"12":0,"13":0},"b":{"0":[0],"1":[0],"2":[0,0],"3":[0,0]},"_coverageSchema":"1a1c01bbd47fc00a2c39e90264f33305004495a9","hash":"669957efe8b1542fec7996b7da48b1b91aeb8adb"}
,"C:\\Users\\Mark\\Desktop\\Projects\\GitHub\\Personal\\movie-night\\app\\components\\Search.js": {"path":"C:\\Users\\Mark\\Desktop\\Projects\\GitHub\\Personal\\movie-night\\app\\components\\Search.js","statementMap":{"0":{"start":{"line":20,"column":26},"end":{"line":20,"column":37}},"1":{"start":{"line":21,"column":30},"end":{"line":21,"column":45}},"2":{"start":{"line":23,"column":28},"end":{"line":23,"column":40}},"3":{"start":{"line":24,"column":32},"end":{"line":24,"column":44}},"4":{"start":{"line":26,"column":30},"end":{"line":26,"column":42}},"5":{"start":{"line":29,"column":18},"end":{"line":29,"column":61}},"6":{"start":{"line":30,"column":17},"end":{"line":30,"column":60}},"7":{"start":{"line":31,"column":17},"end":{"line":31,"column":34}},"8":{"start":{"line":32,"column":17},"end":{"line":32,"column":39}},"9":{"start":{"line":35,"column":4},"end":{"line":35,"column":22}},"10":{"start":{"line":36,"column":4},"end":{"line":36,"column":22}},"11":{"start":{"line":37,"column":22},"end":{"line":37,"column":39}},"12":{"start":{"line":39,"column":4},"end":{"line":44,"column":5}},"13":{"start":{"line":40,"column":6},"end":{"line":40,"column":34}},"14":{"start":{"line":42,"column":6},"end":{"line":42,"column":17}},"15":{"start":{"line":43,"column":6},"end":{"line":43,"column":31}},"16":{"start":{"line":45,"column":15},"end":{"line":45,"column":75}},"17":{"start":{"line":46,"column":4},"end":{"line":46,"column":22}},"18":{"start":{"line":47,"column":4},"end":{"line":80,"column":9}},"19":{"start":{"line":54,"column":26},"end":{"line":54,"column":41}},"20":{"start":{"line":56,"column":8},"end":{"line":76,"column":9}},"21":{"start":{"line":60,"column":10},"end":{"line":60,"column":36}},"22":{"start":{"line":61,"column":10},"end":{"line":61,"column":24}},"23":{"start":{"line":63,"column":10},"end":{"line":70,"column":11}},"24":{"start":{"line":64,"column":29},"end":{"line":64,"column":35}},"25":{"start":{"line":65,"column":12},"end":{"line":65,"column":63}},"26":{"start":{"line":66,"column":12},"end":{"line":66,"column":30}},"27":{"start":{"line":68,"column":12},"end":{"line":68,"column":44}},"28":{"start":{"line":69,"column":12},"end":{"line":69,"column":30}},"29":{"start":{"line":71,"column":10},"end":{"line":75,"column":11}},"30":{"start":{"line":72,"column":12},"end":{"line":72,"column":28}},"31":{"start":{"line":74,"column":12},"end":{"line":74,"column":29}},"32":{"start":{"line":79,"column":8},"end":{"line":79,"column":29}},"33":{"start":{"line":83,"column":25},"end":{"line":83,"column":27}},"34":{"start":{"line":84,"column":2},"end":{"line":95,"column":3}},"35":{"start":{"line":85,"column":4},"end":{"line":94,"column":6}},"36":{"start":{"line":97,"column":2},"end":{"line":181,"column":4}},"37":{"start":{"line":127,"column":35},"end":{"line":127,"column":46}},"38":{"start":{"line":128,"column":28},"end":{"line":128,"column":38}},"39":{"start":{"line":155,"column":18},"end":{"line":155,"column":34}}},"fnMap":{"0":{"name":"SearchMovie","decl":{"start":{"line":19,"column":9},"end":{"line":19,"column":20}},"loc":{"start":{"line":19,"column":28},"end":{"line":182,"column":1}},"line":19},"1":{"name":"getMovies","decl":{"start":{"line":34,"column":11},"end":{"line":34,"column":20}},"loc":{"start":{"line":34,"column":39},"end":{"line":81,"column":3}},"line":34},"2":{"name":"(anonymous_2)","decl":{"start":{"line":54,"column":12},"end":{"line":54,"column":13}},"loc":{"start":{"line":54,"column":26},"end":{"line":54,"column":41}},"line":54},"3":{"name":"(anonymous_3)","decl":{"start":{"line":55,"column":12},"end":{"line":55,"column":13}},"loc":{"start":{"line":55,"column":30},"end":{"line":77,"column":7}},"line":55},"4":{"name":"(anonymous_4)","decl":{"start":{"line":78,"column":13},"end":{"line":78,"column":14}},"loc":{"start":{"line":78,"column":24},"end":{"line":80,"column":7}},"line":78},"5":{"name":"(anonymous_5)","decl":{"start":{"line":127,"column":29},"end":{"line":127,"column":30}},"loc":{"start":{"line":127,"column":35},"end":{"line":127,"column":46}},"line":127},"6":{"name":"(anonymous_6)","decl":{"start":{"line":128,"column":22},"end":{"line":128,"column":23}},"loc":{"start":{"line":128,"column":28},"end":{"line":128,"column":38}},"line":128},"7":{"name":"(anonymous_7)","decl":{"start":{"line":154,"column":25},"end":{"line":154,"column":26}},"loc":{"start":{"line":154,"column":31},"end":{"line":156,"column":17}},"line":154}},"branchMap":{"0":{"loc":{"start":{"line":34,"column":21},"end":{"line":34,"column":37}},"type":"default-arg","locations":[{"start":{"line":34,"column":32},"end":{"line":34,"column":37}}],"line":34},"1":{"loc":{"start":{"line":39,"column":4},"end":{"line":44,"column":5}},"type":"if","locations":[{"start":{"line":39,"column":4},"end":{"line":44,"column":5}},{"start":{"line":41,"column":11},"end":{"line":44,"column":5}}],"line":39},"2":{"loc":{"start":{"line":56,"column":8},"end":{"line":76,"column":9}},"type":"if","locations":[{"start":{"line":56,"column":8},"end":{"line":76,"column":9}},{"start":{"line":62,"column":15},"end":{"line":76,"column":9}}],"line":56},"3":{"loc":{"start":{"line":57,"column":10},"end":{"line":58,"column":44}},"type":"binary-expr","locations":[{"start":{"line":57,"column":10},"end":{"line":57,"column":42}},{"start":{"line":58,"column":10},"end":{"line":58,"column":44}}],"line":57},"4":{"loc":{"start":{"line":63,"column":10},"end":{"line":70,"column":11}},"type":"if","locations":[{"start":{"line":63,"column":10},"end":{"line":70,"column":11}},{"start":{"line":67,"column":17},"end":{"line":70,"column":11}}],"line":63},"5":{"loc":{"start":{"line":71,"column":10},"end":{"line":75,"column":11}},"type":"if","locations":[{"start":{"line":71,"column":10},"end":{"line":75,"column":11}},{"start":{"line":73,"column":17},"end":{"line":75,"column":11}}],"line":71},"6":{"loc":{"start":{"line":140,"column":9},"end":{"line":177,"column":9}},"type":"cond-expr","locations":[{"start":{"line":141,"column":10},"end":{"line":147,"column":17}},{"start":{"line":149,"column":10},"end":{"line":176,"column":17}}],"line":140},"7":{"loc":{"start":{"line":142,"column":13},"end":{"line":146,"column":13}},"type":"binary-expr","locations":[{"start":{"line":142,"column":13},"end":{"line":142,"column":31}},{"start":{"line":143,"column":14},"end":{"line":145,"column":21}}],"line":142},"8":{"loc":{"start":{"line":152,"column":13},"end":{"line":175,"column":13}},"type":"binary-expr","locations":[{"start":{"line":152,"column":13},"end":{"line":152,"column":20}},{"start":{"line":153,"column":14},"end":{"line":174,"column":41}}],"line":152}},"s":{"0":1,"1":1,"2":1,"3":1,"4":1,"5":1,"6":1,"7":1,"8":1,"9":0,"10":0,"11":0,"12":0,"13":0,"14":0,"15":0,"16":0,"17":0,"18":0,"19":0,"20":0,"21":0,"22":0,"23":0,"24":0,"25":0,"26":0,"27":0,"28":0,"29":0,"30":0,"31":0,"32":0,"33":1,"34":1,"35":0,"36":1,"37":0,"38":0,"39":0},"f":{"0":1,"1":0,"2":0,"3":0,"4":0,"5":0,"6":0,"7":0},"b":{"0":[0],"1":[0,0],"2":[0,0],"3":[0,0],"4":[0,0],"5":[0,0],"6":[1,0],"7":[1,0],"8":[0,0]},"_coverageSchema":"1a1c01bbd47fc00a2c39e90264f33305004495a9","hash":"c27d478df8781f869919bc447856c1a9fda5b951"}
,"C:\\Users\\Mark\\Desktop\\Projects\\GitHub\\Personal\\movie-night\\app\\components\\TabBar.js": {"path":"C:\\Users\\Mark\\Desktop\\Projects\\GitHub\\Personal\\movie-night\\app\\components\\TabBar.js","statementMap":{"0":{"start":{"line":14,"column":2},"end":{"line":136,"column":4}},"1":{"start":{"line":17,"column":23},"end":{"line":17,"column":60}},"2":{"start":{"line":43,"column":23},"end":{"line":43,"column":62}},"3":{"start":{"line":74,"column":23},"end":{"line":74,"column":64}},"4":{"start":{"line":105,"column":23},"end":{"line":105,"column":65}}},"fnMap":{"0":{"name":"TabBar","decl":{"start":{"line":13,"column":9},"end":{"line":13,"column":15}},"loc":{"start":{"line":13,"column":23},"end":{"line":137,"column":1}},"line":13},"1":{"name":"(anonymous_1)","decl":{"start":{"line":17,"column":17},"end":{"line":17,"column":18}},"loc":{"start":{"line":17,"column":23},"end":{"line":17,"column":60}},"line":17},"2":{"name":"(anonymous_2)","decl":{"start":{"line":43,"column":17},"end":{"line":43,"column":18}},"loc":{"start":{"line":43,"column":23},"end":{"line":43,"column":62}},"line":43},"3":{"name":"(anonymous_3)","decl":{"start":{"line":74,"column":17},"end":{"line":74,"column":18}},"loc":{"start":{"line":74,"column":23},"end":{"line":74,"column":64}},"line":74},"4":{"name":"(anonymous_4)","decl":{"start":{"line":105,"column":17},"end":{"line":105,"column":18}},"loc":{"start":{"line":105,"column":23},"end":{"line":105,"column":65}},"line":105}},"branchMap":{"0":{"loc":{"start":{"line":28,"column":19},"end":{"line":28,"column":74}},"type":"cond-expr","locations":[{"start":{"line":28,"column":48},"end":{"line":28,"column":64}},{"start":{"line":28,"column":67},"end":{"line":28,"column":74}}],"line":28},"1":{"loc":{"start":{"line":33,"column":21},"end":{"line":33,"column":76}},"type":"cond-expr","locations":[{"start":{"line":33,"column":50},"end":{"line":33,"column":66}},{"start":{"line":33,"column":69},"end":{"line":33,"column":76}}],"line":33},"2":{"loc":{"start":{"line":34,"column":26},"end":{"line":34,"column":72}},"type":"cond-expr","locations":[{"start":{"line":34,"column":55},"end":{"line":34,"column":61}},{"start":{"line":34,"column":64},"end":{"line":34,"column":72}}],"line":34},"3":{"loc":{"start":{"line":59,"column":19},"end":{"line":59,"column":71}},"type":"cond-expr","locations":[{"start":{"line":59,"column":45},"end":{"line":59,"column":61}},{"start":{"line":59,"column":64},"end":{"line":59,"column":71}}],"line":59},"4":{"loc":{"start":{"line":64,"column":21},"end":{"line":64,"column":73}},"type":"cond-expr","locations":[{"start":{"line":64,"column":47},"end":{"line":64,"column":63}},{"start":{"line":64,"column":66},"end":{"line":64,"column":73}}],"line":64},"5":{"loc":{"start":{"line":65,"column":26},"end":{"line":65,"column":69}},"type":"cond-expr","locations":[{"start":{"line":65,"column":52},"end":{"line":65,"column":58}},{"start":{"line":65,"column":61},"end":{"line":65,"column":69}}],"line":65},"6":{"loc":{"start":{"line":90,"column":19},"end":{"line":90,"column":72}},"type":"cond-expr","locations":[{"start":{"line":90,"column":46},"end":{"line":90,"column":62}},{"start":{"line":90,"column":65},"end":{"line":90,"column":72}}],"line":90},"7":{"loc":{"start":{"line":95,"column":21},"end":{"line":95,"column":74}},"type":"cond-expr","locations":[{"start":{"line":95,"column":48},"end":{"line":95,"column":64}},{"start":{"line":95,"column":67},"end":{"line":95,"column":74}}],"line":95},"8":{"loc":{"start":{"line":96,"column":26},"end":{"line":96,"column":70}},"type":"cond-expr","locations":[{"start":{"line":96,"column":53},"end":{"line":96,"column":59}},{"start":{"line":96,"column":62},"end":{"line":96,"column":70}}],"line":96},"9":{"loc":{"start":{"line":121,"column":19},"end":{"line":121,"column":74}},"type":"cond-expr","locations":[{"start":{"line":121,"column":48},"end":{"line":121,"column":64}},{"start":{"line":121,"column":67},"end":{"line":121,"column":74}}],"line":121},"10":{"loc":{"start":{"line":126,"column":21},"end":{"line":126,"column":76}},"type":"cond-expr","locations":[{"start":{"line":126,"column":50},"end":{"line":126,"column":66}},{"start":{"line":126,"column":69},"end":{"line":126,"column":76}}],"line":126},"11":{"loc":{"start":{"line":127,"column":26},"end":{"line":127,"column":72}},"type":"cond-expr","locations":[{"start":{"line":127,"column":55},"end":{"line":127,"column":61}},{"start":{"line":127,"column":64},"end":{"line":127,"column":72}}],"line":127}},"s":{"0":2,"1":0,"2":0,"3":0
[...]
"column":6},"end":{"line":76,"column":17}},"20":{"start":{"line":78,"column":4},"end":{"line":80,"column":5}},"21":{"start":{"line":79,"column":6},"end":{"line":79,"column":17}},"22":{"start":{"line":81,"column":4},"end":{"line":84,"column":5}},"23":{"start":{"line":82,"column":6},"end":{"line":82,"column":25}},"24":{"start":{"line":83,"column":6},"end":{"line":83,"column":17}},"25":{"start":{"line":85,"column":4},"end":{"line":85,"column":45}},"26":{"start":{"line":88,"column":27},"end":{"line":111,"column":3}},"27":{"start":{"line":89,"column":24},"end":{"line":89,"column":44}},"28":{"start":{"line":90,"column":4},"end":{"line":90,"column":35}},"29":{"start":{"line":91,"column":4},"end":{"line":91,"column":25}},"30":{"start":{"line":92,"column":18},"end":{"line":92,"column":44}},"31":{"start":{"line":95,"column":6},"end":{"line":107,"column":48}},"32":{"start":{"line":108,"column":4},"end":{"line":108,"column":30}},"33":{"start":{"line":109,"column":4},"end":{"line":109,"column":28}},"34":{"start":{"line":110,"column":4},"end":{"line":110,"column":28}},"35":{"start":{"line":115,"column":19},"end":{"line":133,"column":3}},"36":{"start":{"line":116,"column":24},"end":{"line":116,"column":34}},"37":{"start":{"line":118,"column":4},"end":{"line":132,"column":5}},"38":{"start":{"line":119,"column":6},"end":{"line":119,"column":36}},"39":{"start":{"line":120,"column":11},"end":{"line":132,"column":5}},"40":{"start":{"line":121,"column":6},"end":{"line":121,"column":40}},"41":{"start":{"line":122,"column":11},"end":{"line":132,"column":5}},"42":{"start":{"line":123,"column":6},"end":{"line":123,"column":50}},"43":{"start":{"line":125,"column":6},"end":{"line":125,"column":23}},"44":{"start":{"line":126,"column":6},"end":{"line":126,"column":26}},"45":{"start":{"line":127,"column":6},"end":{"line":127,"column":26}},"46":{"start":{"line":128,"column":6},"end":{"line":128,"column":18}},"47":{"start":{"line":129,"column":6},"end":{"line":129,"column":22}},"48":{"start":{"line":130,"column":6},"end":{"line":130,"column":20}},"49":{"start":{"line":131,"column":6},"end":{"line":131,"column":28}},"50":{"start":{"line":135,"column":18},"end":{"line":141,"column":3}},"51":{"start":{"line":136,"column":4},"end":{"line":136,"column":24}},"52":{"start":{"line":137,"column":4},"end":{"line":137,"column":16}},"53":{"start":{"line":138,"column":4},"end":{"line":138,"column":20}},"54":{"start":{"line":139,"column":4},"end":{"line":139,"column":18}},"55":{"start":{"line":140,"column":4},"end":{"line":140,"column":26}},"56":{"start":{"line":143,"column":2},"end":{"line":147,"column":3}},"57":{"start":{"line":145,"column":4},"end":{"line":145,"column":19}},"58":{"start":{"line":146,"column":4},"end":{"line":146,"column":23}},"59":{"start":{"line":150,"column":4},"end":{"line":165,"column":9}},"60":{"start":{"line":157,"column":26},"end":{"line":157,"column":41}},"61":{"start":{"line":160,"column":8},"end":{"line":160,"column":34}},"62":{"start":{"line":161,"column":8},"end":{"line":161,"column":32}},"63":{"start":{"line":164,"column":8},"end":{"line":164,"column":29}},"64":{"start":{"line":169,"column":4},"end":{"line":192,"column":9}},"65":{"start":{"line":185,"column":26},"end":{"line":185,"column":41}},"66":{"start":{"line":187,"column":8},"end":{"line":187,"column":34}},"67":{"start":{"line":190,"column":8},"end":{"line":190,"column":29}},"68":{"start":{"line":191,"column":8},"end":{"line":191,"column":21}},"69":{"start":{"line":195,"column":29},"end":{"line":195,"column":31}},"70":{"start":{"line":196,"column":2},"end":{"line":238,"column":3}},"71":{"start":{"line":197,"column":21},"end":{"line":197,"column":47}},"72":{"start":{"line":198,"column":18},"end":{"line":198,"column":41}},"73":{"start":{"line":201,"column":6},"end":{"line":201,"column":69}},"74":{"start":{"line":202,"column":17},"end":{"line":202,"column":72}},"75":{"start":{"line":204,"column":4},"end":{"line":237,"column":6}},"76":{"start":{"line":212,"column":12},"end":{"line":212,"column":43}},"77":{"start":{"line":213,"column":12},"end":{"line":213,"column":47}},"78":{"start":{"line":239,"column":2},"end":{"line":352,"column":4}},"79":{"start":{"line":292,"column":33},"end":{"line":292,"column":42}},"80":{"start":{"line":293,"column":41},"end":{"line":293,"column":58}},"81":{"start":{"line":295,"column":32},"end":{"line":295,"column":42}}},"fnMap":{"0":{"name":"ScheduleScreen","decl":{"start":{"line":25,"column":9},"end":{"line":25,"column":23}},"loc":{"start":{"line":25,"column":31},"end":{"line":353,"column":1}},"line":25},"1":{"name":"processDate","decl":{"start":{"line":62,"column":11},"end":{"line":62,"column":22}},"loc":{"start":{"line":62,"column":30},"end":{"line":68,"column":3}},"line":62},"2":{"name":"processTime","decl":{"start":{"line":70,"column":11},"end":{"line":70,"column":22}},"loc":{"start":{"line":70,"column":39},"end":{"line":86,"column":3}},"line":70},"3":{"name":"(anonymous_3)","decl":{"start":{"line":88,"column":27},"end":{"line":88,"column":28}},"loc":{"start":{"line":88,"column":52},"end":{"line":111,"column":3}},"line":88},"4":{"name":"(anonymous_4)","decl":{"start":{"line":115,"column":19},"end":{"line":115,"column":20}},"loc":{"start":{"line":115,"column":25},"end":{"line":133,"column":3}},"line":115},"5":{"name":"(anonymous_5)","decl":{"start":{"line":135,"column":18},"end":{"line":135,"column":19}},"loc":{"start":{"line":135,"column":24},"end":{"line":141,"column":3}},"line":135},"6":{"name":"getEventsAPI","decl":{"start":{"line":149,"column":11},"end":{"line":149,"column":23}},"loc":{"start":{"line":149,"column":26},"end":{"line":166,"column":3}},"line":149},"7":{"name":"(anonymous_7)","decl":{"start":{"line":157,"column":12},"end":{"line":157,"column":13}},"loc":{"start":{"line":157,"column":26},"end":{"line":157,"column":41}},"line":157},"8":{"name":"(anonymous_8)","decl":{"start":{"line":158,"column":12},"end":{"line":158,"column":13}},"loc":{"start":{"line":158,"column":30},"end":{"line":162,"column":7}},"line":158},"9":{"name":"(anonymous_9)","decl":{"start":{"line":163,"column":13},"end":{"line":163,"column":14}},"loc":{"start":{"line":163,"column":24},"end":{"line":165,"column":7}},"line":163},"10":{"name":"createEventAPI","decl":{"start":{"line":168,"column":11},"end":{"line":168,"column":25}},"loc":{"start":{"line":168,"column":28},"end":{"line":193,"column":3}},"line":168},"11":{"name":"(anonymous_11)","decl":{"start":{"line":185,"column":12},"end":{"line":185,"column":13}},"loc":{"start":{"line":185,"column":26},"end":{"line":185,"column":41}},"line":185},"12":{"name":"(anonymous_12)","decl":{"start":{"line":186,"column":12},"end":{"line":186,"column":13}},"loc":{"start":{"line":186,"column":30},"end":{"line":188,"column":7}},"line":186},"13":{"name":"(anonymous_13)","decl":{"start":{"line":189,"column":13},"end":{"line":189,"column":14}},"loc":{"start":{"line":189,"column":24},"end":{"line":192,"column":7}},"line":189},"14":{"name":"(anonymous_14)","decl":{"start":{"line":211,"column":19},"end":{"line":211,"column":20}},"loc":{"start":{"line":211,"column":25},"end":{"line":214,"column":11}},"line":211},"15":{"name":"(anonymous_15)","decl":{"start":{"line":292,"column":27},"end":{"line":292,"column":28}},"loc":{"start":{"line":292,"column":33},"end":{"line":292,"column":42}},"line":292},"16":{"name":"(anonymous_16)","decl":{"start":{"line":293,"column":35},"end":{"line":293,"column":36}},"loc":{"start":{"line":293,"column":41},"end":{"line":293,"column":58}},"line":293},"17":{"name":"(anonymous_17)","decl":{"start":{"line":295,"column":25},"end":{"line":295,"column":26}},"loc":{"start":{"line":295,"column":32},"end":{"line":295,"column":42}},"line":295}},"branchMap":{"0":{"loc":{"start":{"line":63,"column":4},"end":{"line":67,"column":5}},"type":"if","locations":[{"start":{"line":63,"column":4},"end":{"line":67,"column":5}},{"start":{"line":65,"column":11},"end":{"line":67,"column":5}}],"line":63},"1":{"loc":{"start":{"line":72,"column":4},"end":{"line":74,"column":5}},"type":"if","locations":[{"start":{"line":72,"column":4},"end":{"line":74,"column":5}},{"start":{},"end":{}}],"line":72},"2":{"loc":{"start":{"line":75,"column":4},"end":{"line":77,"column":5}},"type":"if","locations":[{"start":{"line":75,"column":4},"end":{"line":77,"column":5}},{"start":{},"end":{}}],"line":75},"3":{"loc":{"start":{"line":78,"column":4},"end":{"line":80,"column":5}},"type":"if","locations":[{"start":{"line":78,"column":4},"end":{"line":80,"column":5}},{"start":{},"end":{}}],"line":78},"4":{"loc":{"start":{"line":81,"column":4},"end":{"line":84,"column":5}},"type":"if","locations":[{"start":{"line":81,"column":4},"end":{"line":84,"column":5}},{"start":{},"end":{}}],"line":81},"5":{"loc":{"start":{"line":89,"column":24},"end":{"line":89,"column":44}},"type":"binary-expr","locations":[{"start":{"line":89,"column":24},"end":{"line":89,"column":36}},{"start":{"line":89,"column":40},"end":{"line":89,"column":44}}],"line":89},"6":{"loc":{"start":{"line":118,"column":4},"end":{"line":132,"column":5}},"type":"if","locations":[{"start":{"line":118,"column":4},"end":{"line":132,"column":5}},{"start":{"line":120,"column":11},"end":{"line":132,"column":5}}],"line":118},"7":{"loc":{"start":{"line":120,"column":11},"end":{"line":132,"column":5}},"type":"if","locations":[{"start":{"line":120,"column":11},"end":{"line":132,"column":5}},{"start":{"line":122,"column":11},"end":{"line":132,"column":5}}],"line":120},"8":{"loc":{"start":{"line":122,"column":11},"end":{"line":132,"column":5}},"type":"if","locations":[{"start":{"line":122,"column":11},"end":{"line":132,"column":5}},{"start":{"line":124,"column":11},"end":{"line":132,"column":5}}],"line":122},"9":{"loc":{"start":{"line":143,"column":2},"end":{"line":147,"column":3}},"type":"if","locations":[{"start":{"line":143,"column":2},"end":{"line":147,"column":3}},{"start":{},"end":{}}],"line":143}},"s":{"0":2,"1":1,"2":1,"3":1,"4":1,"5":1,"6":1,"7":1,"8":1,"9":1,"10":1,"11":1,"12":0,"13":0,"14":0,"15":0,"16":0,"17":0,"18":0,"19":0,"20":0,"21":0,"22":0,"23":0,"24":0,"25":0,"26":1,"27":0,"28":0,"29":0,"30":0,"31":0,"32":0,"33":0,"34":0,"35":1,"36":0,"37":0,"38":0,"39":0,"40":0,"41":0,"42":0,"43":0,"44":0,"45":0,"46":0,"47":0,"48":0,"49":0,"50":1,"51":0,"52":0,"53":0,"54":0,"55":0,"56":1,"57":1,"58":0,"59":1,"60":0,"61":0,"62":0,"63":0,"64":0,"65":0,"66":0,"67":0,"68":0,"69":0,"70":0,"71":0,"72":0,"73":0,"74":0,"75":0,"76":0,"77":0,"78":0,"79":0,"80":0,"81":0},"f":{"0":2,"1":0,"2":0,"3":0,"4":0,"5":0,"6":1,"7":0,"8":0,"9":0,"10":0,"11":0,"12":0,"13":0,"14":0,"15":0,"16":0,"17":0},"b":{"0":[0,0],"1":[0,0],"2":[0,0],"3":[0,0],"4":[0,0],"5":[0,0],"6":[0,0],"7":[0,0],"8":[0,0],"9":[1,0]},"_coverageSchema":"1a1c01bbd47fc00a2c39e90264f33305004495a9","hash":"88d7d71b367a4d86318cdb914829f924666d0f1e"}
,"C:\\Users\\Mark\\Desktop\\Projects\\GitHub\\Personal\\movie-night\\app\\screens\\SearchMoviesScreen.js": {"path":"C:\\Users\\Mark\\Desktop\\Projects\\GitHub\\Personal\\movie-night\\app\\screens\\SearchMoviesScreen.js","statementMap":{"0":{"start":{"line":22,"column":32},"end":{"line":22,"column":54}},"1":{"start":{"line":24,"column":2},"end":{"line":112,"column":4}},"2":{"start":{"line":43,"column":51},"end":{"line":43,"column":75}},"3":{"start":{"line":68,"column":51},"end":{"line":68,"column":71}},"4":{"start":{"line":115,"column":15},"end":{"line":133,"column":2}}},"fnMap":{"0":{"name":"SearchMoviesScreen","decl":{"start":{"line":21,"column":9},"end":{"line":21,"column":27}},"loc":{"start":{"line":21,"column":35},"end":{"line":113,"column":1}},"line":21},"1":{"name":"(anonymous_1)","decl":{"start":{"line":43,"column":45},"end":{"line":43,"column":46}},"loc":{"start":{"line":43,"column":51},"end":{"line":43,"column":75}},"line":43},"2":{"name":"(anonymous_2)","decl":{"start":{"line":68,"column":45},"end":{"line":68,"column":46}},"loc":{"start":{"line":68,"column":51},"end":{"line":68,"column":71}},"line":68}},"branchMap":{"0":{"loc":{"start":{"line":47,"column":16},"end":{"line":47,"column":77}},"type":"cond-expr","locations":[{"start":{"line":47,"column":42},"end":{"line":47,"column":57}},{"start":{"line":47,"column":60},"end":{"line":47,"column":77}}],"line":47},"1":{"loc":{"start":{"line":58,"column":18},"end":{"line":60,"column":46}},"type":"cond-expr","locations":[{"start":{"line":59,"column":22},"end":{"line":59,"column":44}},{"start":{"line":60,"column":22},"end":{"line":60,"column":46}}],"line":58},"2":{"loc":{"start":{"line":72,"column":16},"end":{"line":72,"column":73}},"type":"cond-expr","locations":[{"start":{"line":72,"column":38},"end":{"line":72,"column":53}},{"start":{"line":72,"column":56},"end":{"line":72,"column":73}}],"line":72},"3":{"loc":{"start":{"line":83,"column":18},"end":{"line":85,"column":46}},"type":"cond-expr","locations":[{"start":{"line":84,"column":22},"end":{"line":84,"column":44}},{"start":{"line":85,"column":22},"end":{"line":85,"column":46}}],"line":83},"4":{"loc":{"start":{"line":93,"column":9},"end":{"line":99,"column":9}},"type":"binary-expr","locations":[{"start":{"line":93,"column":9},"end":{"line":93,"column":32}},{"start":{"line":94,"column":10},"end":{"line":98,"column":24}}],"line":93},"5":{"loc":{"start":{"line":100,"column":9},"end":{"line":106,"column":9}},"type":"binary-expr","locations":[{"start":{"line":100,"column":9},"end":{"line":100,"column":28}},{"start":{"line":101,"column":10},"end":{"line":105,"column":20}}],"line":100}},"s":{"0":1,"1":1,"2":0,"3":0,"4":1},"f":{"0":1,"1":0,"2":0},"b":{"0":[1,0],"1":[1,0],"2":[0,1],"3":[0,1],"4":[1,1],"5":[1,0]},"_coverageSchema":"1a1c01bbd47fc00a2c39e90264f33305004495a9","hash":"6767c3539169adca6fe9c7a586251fa754ce9350"}
,"C:\\Users\\Mark\\Desktop\\Projects\\GitHub\\Personal\\movie-night\\app\\screens\\SignupScreen.js": {"path":"C:\\Users\\Mark\\Desktop\\Projects\\GitHub\\Personal\\movie-night\\app\\screens\\SignupScreen.js","statementMap":{"0":{"start":{"line":19,"column":37},"end":{"line":19,"column":55}},"1":{"start":{"line":20,"column":31},"end":{"line":20,"column":49}},"2":{"start":{"line":21,"column":37},"end":{"line":21,"column":55}},"3":{"start":{"line":25,"column":4},"end":{"line":49,"column":9}},"4":{"start":{"line":37,"column":26},"end":{"line":37,"column":41}},"5":{"start":{"line":39,"column":8},"end":{"line":39,"column":34}},"6":{"start":{"line":40,"column":8},"end":{"line":45,"column":9}},"7":{"start":{"line":41,"column":10},"end":{"line":41,"column":37}},"8":{"start":{"line":43,"column":10},"end":{"line":43,"column":52}},"9":{"start":{"line":44,"column":10},"end":{"line":44,"column":47}},"10":{"start":{"line":48,"column":8},"end":{"line":48,"column":29}},"11":{"start":{"line":54,"column":4},"end":{"line":54,"column":36}},"12":{"start":{"line":59,"column":4},"end":{"line":59,"column":52}},"13":{"start":{"line":60,"column":4},"end":{"line":60,"column":27}},"14":{"start":{"line":61,"column":4},"end":{"line":61,"column":41}},"15":{"start":{"line":64,"column":26},"end":{"line":69,"column":3}},"16":{"start":{"line":65,"column":4},"end":{"line":68,"column":5}},"17":{"start":{"line":67,"column":6},"end":{"line":67,"column":25}},"18":{"start":{"line":71,"column":2},"end":{"line":126,"column":4}},"19":{"start":{"line":99,"column":14},"end":{"line":103,"column":15}},"20":{"start":{"line":100,"column":16},"end":{"line":100,"column":58}},"21":{"start":{"line":102,"column":16},"end":{"line":102,"column":53}},"22":{"start":{"line":112,"column":27},"end":{"line":112,"column":63}},"23":{"start":{"line":129,"column":15},"end":{"line":148,"column":2}}},"fnMap":{"0":{"name":"SignupScreen","decl":{"start":{"line":18,"column":9},"end":{"line":18,"column":21}},"loc":{"start":{"line":18,"column":29},"end":{"line":127,"column":1}},"line":18},"1":{"name":"signupAPI","decl":{"start":{"line":24,"column":11},"end":{"line":24,"column":20}},"loc":{"start":{"line":24,"column":43},"end":{"line":50,"column":3}},"line":24},"2":{"name":"(anonymous_2)","decl":{"start":{"line":37,"column":12},"end":{"line":37,"column":13}},"loc":{"start":{"line":37,"column":26},"end":{"line":37,"column":41}},"line":37},"3":{"name":"(anonymous_3)","decl":{"start":{"line":38,"column":12},"end":{"line":38,"column":13}},"loc":{"start":{"line":38,"column":30},"end":{"line":46,"column":7}},"line":38},"4":{"name":"(anonymous_4)","decl":{"start":{"line":47,"column":13},"end":{"line":47,"column":14}},"loc":{"start":{"line":47,"column":24},"end":{"line":49,"column":7}},"line":47},"5":{"name":"testOrAPI","decl":{"start":{"line":52,"column":11},"end":{"line":52,"column":20}},"loc":{"start":{"line":52,"column":43},"end":{"line":55,"column":3}},"line":52},"6":{"name":"signupAPITest","decl":{"start":{"line":58,"column":11},"end":{"line":58,"column":24}},"loc":{"start":{"line":58,"column":44},"end":{"line":62,"column":3}},"line":58},"7":{"name":"(anonymous_7)","decl":{"start":{"line":64,"column":26},"end":{"line":64,"column":27}},"loc":{"start":{"line":64,"column":32},"end":{"line":69,"column":3}},"line":64},"8":{"name":"(anonymous_8)","decl":{"start":{"line":98,"column":21},"end":{"line":98,"column":22}},"loc":{"start":{"line":98,"column":27},"end":{"line":104,"column":13}},"line":98},"9":{"name":"(anonymous_9)","decl":{"start":{"line":112,"column":21},"end":{"line":112,"column":22}},"loc":{"start":{"line":112,"column":27},"end":{"line":112,"column":63}},"line":112}},"branchMap":{"0":{"loc":{"start":{"line":40,"column":8},"end":{"line":45,"column":9}},"type":"if","locations":[{"start":{"line":40,"column":8},"end":{"line":45,"column":9}},{"start":{"line":42,"column":15},"end":{"line":45,"column":9}}],"line":40},"1":{"loc":{"start":{"line":65,"column":4},"end":{"line":68,"column":5}},"type":"if","locations":[{"start":{"line":65,"column":4},"end":{"line":68,"column":5}},{"start":{"line":66,"column":11},"end":{"line":68,"column":5}}],"line":65},"2":{"loc":{"start":{"line":99,"column":14},"end":{"line":103,"column":15}},"type":"if","locations":[{"start":{"line":99,"column":14},"end":{"line":103,"column":15}},{"start":{"line":101,"column":21},"end":{"line":103,"column":15}}],"line":99},"3":{"loc":{"start":{"line":99,"column":18},"end":{"line":99,"column":65}},"type":"binary-expr","locations":[{"start":{"line":99,"column":18},"end":{"line":99,"column":32}},{"start":{"line":99,"column":36},"end":{"line":99,"column":50}},{"start":{"line":99,"column":54},"end":{"line":99,"column":65}}],"line":99}},"s":{"0":1,"1":1,"2":1,"3":0,"4":0,"5":0,"6":0,"7":0,"8":0,"9":0,"10":0,"11":0,"12":0,"13":0,"14":0,"15":1,"16":0,"17":0,"18":1,"19":0,"20":0,"21":0,"22":0,"23":1},"f":{"0":1,"1":0,"2":0,"3":0,"4":0,"5":0,"6":0,"7":0,"8":0,"9":0},"b":{"0":[0,0],"1":[0,0],"2":[0,0],"3":[0,0,0]},"_coverageSchema":"1a1c01bbd47fc00a2c39e90264f33305004495a9","hash":"a8732b5724ba58e22666cd6e803802d0234cb4e5"}
,"C:\\Users\\Mark\\Desktop\\Projects\\GitHub\\Personal\\movie-night\\app\\screens\\WelcomeScreen.js": {"path":"C:\\Users\\Mark\\Desktop\\Projects\\GitHub\\Personal\\movie-night\\app\\screens\\WelcomeScreen.js","statementMap":{"0":{"start":{"line":15,"column":2},"end":{"line":46,"column":4}},"1":{"start":{"line":24,"column":23},"end":{"line":24,"column":57}},"2":{"start":{"line":32,"column":23},"end":{"line":32,"column":58}},"3":{"start":{"line":49,"column":15},"end":{"line":72,"column":2}}},"fnMap":{"0":{"name":"WelcomeScreen","decl":{"start":{"line":14,"column":9},"end":{"line":14,"column":22}},"loc":{"start":{"line":14,"column":30},"end":{"line":47,"column":1}},"line":14},"1":{"name":"(anonymous_1)","decl":{"start":{"line":24,"column":17},"end":{"line":24,"column":18}},"loc":{"start":{"line":24,"column":23},"end":{"line":24,"column":57}},"line":24},"2":{"name":"(anonymous_2)","decl":{"start":{"line":32,"column":17},"end":{"line":32,"column":18}},"loc":{"start":{"line":32,"column":23},"end":{"line":32,"column":58}},"line":32}},"branchMap":{},"s":{"0":3,"1":0,"2":0,"3":1},"f":{"0":3,"1":0,"2":0},"b":{},"_coverageSchema":"1a1c01bbd47fc00a2c39e90264f33305004495a9","hash":"c8dca2e5930b99345a904df63b25d42f2a518219"}
}
