{"C:\\Users\\Mark\\Desktop\\Projects\\GitHub\\Personal\\movie-night\\app\\assets\\saved.js": {"path":"C:\\Users\\Mark\\Desktop\\Projects\\GitHub\\Personal\\movie-night\\app\\assets\\saved.js","statementMap":{"0":{"start":{"line":4,"column":22},"end":{"line":11,"column":1}},"1":{"start":{"line":12,"column":22},"end":{"line":186,"column":2}}},"fnMap":{},"branchMap":{},"s":{"0":1,"1":1},"f":{},"b":{},"_coverageSchema":"1a1c01bbd47fc00a2c39e90264f33305004495a9","hash":"dbd983e3e42c5fa7e1ca769e552fdb187fde5b00"}
,"C:\\Users\\Mark\\Desktop\\Projects\\GitHub\\Personal\\movie-night\\app\\assets\\testData.js": {"path":"C:\\Users\\Mark\\Desktop\\Projects\\GitHub\\Personal\\movie-night\\app\\assets\\testData.js","statementMap":{"0":{"start":{"line":3,"column":23},"end":{"line":401,"column":1}}},"fnMap":{},"branchMap":{},"s":{"0":1},"f":{},"b":{},"_coverageSchema":"1a1c01bbd47fc00a2c39e90264f33305004495a9","hash":"b3c2658d46d86055d44ea7e4836597c9a07179cc"}
,"C:\\Users\\Mark\\Desktop\\Projects\\GitHub\\Personal\\movie-night\\app\\components\\CreateGroupPopup.js": {"path":"C:\\Users\\Mark\\Desktop\\Projects\\GitHub\\Personal\\movie-night\\app\\components\\CreateGroupPopup.js","statementMap":{"0":{"start":{"line":28,"column":20},"end":{"line":28,"column":35}},"1":{"start":{"line":29,"column":26},"end":{"line":29,"column":47}},"2":{"start":{"line":30,"column":20},"end":{"line":30,"column":35}},"3":{"start":{"line":32,"column":43},"end":{"line":32,"column":64}},"4":{"start":{"line":33,"column":39},"end":{"line":33,"column":57}},"5":{"start":{"line":34,"column":31},"end":{"line":34,"column":49}},"6":{"start":{"line":35,"column":36},"end":{"line":35,"column":54}},"7":{"start":{"line":41,"column":19},"end":{"line":41,"column":24}},"8":{"start":{"line":42,"column":4},"end":{"line":44,"column":5}},"9":{"start":{"line":43,"column":6},"end":{"line":43,"column":32}},"10":{"start":{"line":46,"column":4},"end":{"line":70,"column":9}},"11":{"start":{"line":59,"column":26},"end":{"line":59,"column":41}},"12":{"start":{"line":61,"column":8},"end":{"line":61,"column":34}},"13":{"start":{"line":62,"column":22},"end":{"line":62,"column":34}},"14":{"start":{"line":63,"column":8},"end":{"line":63,"column":46}},"15":{"start":{"line":64,"column":8},"end":{"line":64,"column":20}},"16":{"start":{"line":67,"column":8},"end":{"line":67,"column":29}},"17":{"start":{"line":68,"column":8},"end":{"line":68,"column":21}},"18":{"start":{"line":69,"column":8},"end":{"line":69,"column":21}},"19":{"start":{"line":71,"column":4},"end":{"line":71,"column":16}},"20":{"start":{"line":74,"column":19},"end":{"line":91,"column":3}},"21":{"start":{"line":75,"column":4},"end":{"line":90,"column":5}},"22":{"start":{"line":76,"column":6},"end":{"line":76,"column":42}},"23":{"start":{"line":79,"column":19},"end":{"line":79,"column":35}},"24":{"start":{"line":81,"column":6},"end":{"line":81,"column":24}},"25":{"start":{"line":82,"column":6},"end":{"line":89,"column":7}},"26":{"start":{"line":83,"column":8},"end":{"line":83,"column":31}},"27":{"start":{"line":84,"column":8},"end":{"line":84,"column":32}},"28":{"start":{"line":87,"column":8},"end":{"line":87,"column":28}},"29":{"start":{"line":88,"column":8},"end":{"line":88,"column":24}},"30":{"start":{"line":93,"column":18},"end":{"line":97,"column":3}},"31":{"start":{"line":94,"column":4},"end":{"line":94,"column":24}},"32":{"start":{"line":95,"column":4},"end":{"line":95,"column":20}},"33":{"start":{"line":96,"column":4},"end":{"line":96,"column":27}},"34":{"start":{"line":99,"column":20},"end":{"line":102,"column":3}},"35":{"start":{"line":100,"column":4},"end":{"line":100,"column":29}},"36":{"start":{"line":101,"column":4},"end":{"line":101,"column":21}},"37":{"start":{"line":104,"column":26},"end":{"line":109,"column":3}},"38":{"start":{"line":105,"column":4},"end":{"line":108,"column":5}},"39":{"start":{"line":107,"column":6},"end":{"line":107,"column":25}},"40":{"start":{"line":111,"column":2},"end":{"line":351,"column":4}}},"fnMap":{"0":{"name":"CreateGroupPopup","decl":{"start":{"line":27,"column":9},"end":{"line":27,"column":25}},"loc":{"start":{"line":27,"column":33},"end":{"line":352,"column":1}},"line":27},"1":{"name":"createGroupAPI","decl":{"start":{"line":37,"column":11},"end":{"line":37,"column":25}},"loc":{"start":{"line":37,"column":28},"end":{"line":72,"column":3}},"line":37},"2":{"name":"(anonymous_2)","decl":{"start":{"line":59,"column":12},"end":{"line":59,"column":13}},"loc":{"start":{"line":59,"column":26},"end":{"line":59,"column":41}},"line":59},"3":{"name":"(anonymous_3)","decl":{"start":{"line":60,"column":12},"end":{"line":60,"column":13}},"loc":{"start":{"line":60,"column":30},"end":{"line":65,"column":7}},"line":60},"4":{"name":"(anonymous_4)","decl":{"start":{"line":66,"column":13},"end":{"line":66,"column":14}},"loc":{"start":{"line":66,"column":24},"end":{"line":70,"column":7}},"line":66},"5":{"name":"(anonymous_5)","decl":{"start":{"line":74,"column":19},"end":{"line":74,"column":20}},"loc":{"start":{"line":74,"column":25},"end":{"line":91,"column":3}},"line":74},"6":{"name":"(anonymous_6)","decl":{"start":{"line":93,"column":18},"end":{"line":93,"column":19}},"loc":{"start":{"line":93,"column":24},"end":{"line":97,"column":3}},"line":93},"7":{"name":"(anonymous_7)","decl":{"start":{"line":99,"column":20},"end":{"line":99,"column":21}},"loc":{"start":{"line":99,"column":26},"end":{"line":102,"column":3}},"line":99},"8":{"name":"(anonymous_8)","decl":{"start":{"line":104,"column":26},"end":{"line":104,"column":27}},"loc":{"start":{"line":104,"column":32},"end":{"line":109,"column":3}},"line":104}},"branchMap":{"0":{"loc":{"start":{"line":42,"column":4},"end":{"line":44,"column":5}},"type":"if","locations":[{"start":{"line":42,"column":4},"end":{"line":44,"column":5}},{"start":{},"end":{}}],"line":42},"1":{"loc":{"start":{"line":75,"column":4},"end":{"line":90,"column":5}},"type":"if","locations":[{"start":{"line":75,"column":4},"end":{"line":90,"column":5}},{"start":{"line":77,"column":11},"end":{"line":90,"column":5}}],"line":75},"2":{"loc":{"start":{"line":82,"column":6},"end":{"line":89,"column":7}},"type":"if","locations":[{"start":{"line":82,"column":6},"end":{"line":89,"column":7}},{"start":{},"end":{}}],"line":82},"3":{"loc":{"start":{"line":105,"column":4},"end":{"line":108,"column":5}},"type":"if","locations":[{"start":{"line":105,"column":4},"end":{"line":108,"column":5}},{"start":{"line":106,"column":11},"end":{"line":108,"column":5}}],"line":105},"4":{"loc":{"start":{"line":118,"column":7},"end":{"line":349,"column":7}},"type":"cond-expr","locations":[{"start":{"line":119,"column":8},"end":{"line":231,"column":15}},{"start":{"line":233,"column":8},"end":{"line":348,"column":15}}],"line":118}},"s":{"0":14,"1":14,"2":14,"3":14,"4":14,"5":14,"6":14,"7":0,"8":0,"9":0,"10":0,"11":0,"12":0,"13":0,"14":0,"15":0,"16":0,"17":0,"18":0,"19":0,"20":14,"21":1,"22":1,"23":0,"24":0,"25":0,"26":0,"27":0,"28":0,"29":0,"30":14,"31":1,"32":1,"33":1,"34":14,"35":1,"36":1,"37":14,"38":1,"39":1,"40":14},"f":{"0":14,"1":0,"2":0,"3":0,"4":0,"5":1,"6":1,"7":1,"8":1},"b":{"0":[0,0],"1":[1,0],"2":[0,0],"3":[0,1],"4":[0,14]},"_coverageSchema":"1a1c01bbd47fc00a2c39e90264f33305004495a9","hash":"927bba9351da49bb734eae2f0dca75c458c554b1"}
}
