TN:
SF:app\assets\saved.js
FNF:0
FNH:0
DA:4,1
DA:12,1
LF:2
LH:2
BRF:0
BRH:0
end_of_record
TN:
SF:app\assets\testData.js
FNF:0
FNH:0
DA:3,1
LF:1
LH:1
BRF:0
BRH:0
end_of_record
TN:
SF:app\components\CreateGroupPopup.js
FN:27,CreateGroupPopup
FN:37,createGroupAPI
FN:59,(anonymous_2)
FN:60,(anonymous_3)
FN:66,(anonymous_4)
FN:74,(anonymous_5)
FN:93,(anonymous_6)
FN:99,(anonymous_7)
FN:104,(anonymous_8)
FNF:9
FNH:5
FNDA:14,CreateGroupPopup
FNDA:0,createGroupAPI
FNDA:0,(anonymous_2)
FNDA:0,(anonymous_3)
FNDA:0,(anonymous_4)
FNDA:1,(anonymous_5)
FNDA:1,(anonymous_6)
FNDA:1,(anonymous_7)
FNDA:1,(anonymous_8)
DA:28,14
DA:29,14
DA:30,14
DA:32,14
DA:33,14
DA:34,14
DA:35,14
DA:41,0
DA:42,0
DA:43,0
DA:46,0
DA:59,0
DA:61,0
DA:62,0
DA:63,0
DA:64,0
DA:67,0
DA:68,0
DA:69,0
DA:71,0
DA:74,14
DA:75,1
DA:76,1
DA:79,0
DA:81,0
DA:82,0
DA:83,0
DA:84,0
DA:87,0
DA:88,0
DA:93,14
DA:94,1
DA:95,1
DA:96,1
DA:99,14
DA:100,1
DA:101,1
DA:104,14
DA:105,1
DA:107,1
DA:111,14
LF:41
LH:21
BRDA:42,0,0,0
BRDA:42,0,1,0
BRDA:75,1,0,1
BRDA:75,1,1,0
BRDA:82,2,0,0
BRDA:82,2,1,0
BRDA:105,3,0,0
BRDA:105,3,1,1
BRDA:118,4,0,0
BRDA:118,4,1,14
BRF:10
BRH:3
end_of_record
