TN:
SF:app/assets/MovieNightLogo2.png
FNF:0
FNH:0
DA:1,8
LF:1
LH:1
BRF:0
BRH:0
end_of_record
TN:
SF:app/assets/saved.js
FNF:0
FNH:0
DA:4,19
DA:12,19
LF:2
LH:2
BRF:0
BRH:0
end_of_record
TN:
SF:app/assets/testData.js
FNF:0
FNH:0
DA:3,4
LF:1
LH:1
BRF:0
BRH:0
end_of_record
TN:
SF:app/components/ButtonPanel.js
FN:13,ButtonPanel
FN:21,(anonymous_1)
FN:28,(anonymous_2)
FNF:3
FNH:1
FNDA:2,ButtonPanel
FNDA:0,(anonymous_1)
FNDA:0,(anonymous_2)
DA:14,2
DA:15,2
DA:16,2
DA:17,2
DA:18,2
DA:21,0
DA:28,0
LF:7
LH:5
BRF:0
BRH:0
end_of_record
TN:
SF:app/components/Categories.js
FN:21,Categories
FN:55,getMovies
FN:87,(anonymous_2)
FN:88,(anonymous_3)
FN:112,(anonymous_4)
FN:146,(anonymous_5)
FN:147,(anonymous_6)
FN:148,(anonymous_7)
FN:149,(anonymous_8)
FN:156,(anonymous_9)
FNF:10
FNH:1
FNDA:1,Categories
FNDA:0,getMovies
FNDA:0,(anonymous_2)
FNDA:0,(anonymous_3)
FNDA:0,(anonymous_4)
FNDA:0,(anonymous_5)
FNDA:0,(anonymous_6)
FNDA:0,(anonymous_7)
FNDA:0,(anonymous_8)
FNDA:0,(anonymous_9)
DA:22,1
DA:23,1
DA:25,1
DA:26,1
DA:28,1
DA:31,1
DA:32,1
DA:34,1
DA:35,1
DA:56,0
DA:58,0
DA:59,0
DA:61,0
DA:62,0
DA:65,0
DA:66,0
DA:72,0
DA:80,0
DA:87,0
DA:89,0
DA:90,0
DA:94,0
DA:95,0
DA:97,0
DA:98,0
DA:99,0
DA:100,0
DA:102,0
DA:103,0
DA:105,0
DA:106,0
DA:108,0
DA:113,0
DA:117,1
DA:118,1
DA:119,0
DA:132,1
DA:146,0
DA:147,0
DA:148,0
DA:149,0
DA:157,0
LF:42
LH:12
BRDA:55,0,0,0
BRDA:58,1,0,0
BRDA:58,1,1,0
BRDA:90,2,0,0
BRDA:90,2,1,0
BRDA:91,3,0,0
BRDA:91,3,1,0
BRDA:97,4,0,0
BRDA:97,4,1,0
BRDA:105,5,0,0
BRDA:105,5,1,0
BRDA:154,6,0,1
BRDA:154,6,1,1
BRDA:154,6,2,0
BRF:14
BRH:2
end_of_record
TN:
SF:app/components/ChangePassword.js
FN:18,ChangePassword
FN:27,(anonymous_1)
FN:34,(anonymous_2)
FN:59,(anonymous_3)
FN:183,(anonymous_4)
FN:312,(anonymous_5)
FNF:6
FNH:1
FNDA:1,ChangePassword
FNDA:0,(anonymous_1)
FNDA:0,(anonymous_2)
FNDA:0,(anonymous_3)
FNDA:0,(anonymous_4)
FNDA:0,(anonymous_5)
DA:19,1
DA:20,1
DA:22,1
DA:23,1
DA:24,1
DA:25,1
DA:27,1
DA:28,0
DA:30,0
DA:34,1
DA:35,0
DA:40,0
DA:41,0
DA:42,0
DA:46,0
DA:50,0
DA:53,0
DA:54,0
DA:55,0
DA:59,1
DA:60,0
DA:61,0
DA:62,0
DA:63,0
DA:66,1
DA:183,0
DA:312,0
LF:27
LH:10
BRDA:28,0,0,0
BRDA:28,0,1,0
BRDA:35,1,0,0
BRDA:35,1,1,0
BRDA:36,2,0,0
BRDA:36,2,1,0
BRDA:36,2,2,0
BRDA:41,3,0,0
BRDA:41,3,1,0
BRDA:73,4,0,0
BRDA:73,4,1,1
BRF:11
BRH:1
end_of_record
TN:
SF:app/components/CreateGroupPopup.js
FN:27,CreateGroupPopup
FN:37,createGroupAPI
FN:59,(anonymous_2)
FN:60,(anonymous_3)
FN:66,(anonymous_4)
FN:74,(anonymous_5)
FN:93,(anonymous_6)
FN:99,(anonymous_7)
FN:104,(anonymous_8)
FNF:9
FNH:1
FNDA:2,CreateGroupPopup
FNDA:0,createGroupAPI
FNDA:0,(anonymous_2)
FNDA:0,(anonymous_3)
FNDA:0,(anonymous_4)
FNDA:0,(anonymous_5)
FNDA:0,(anonymous_6)
FNDA:0,(anonymous_7)
FNDA:0,(anonymous_8)
DA:28,2
DA:29,2
DA:30,2
DA:32,2
DA:33,2
DA:34,2
DA:35,2
DA:41,0
DA:42,0
DA:43,0
DA:46,0
DA:59,0
DA:61,0
DA:62,0
DA:63,0
DA:64,0
DA:67,0
DA:68,0
DA:69,0
DA:71,0
DA:74,2
DA:75,0
DA:76,0
DA:79,0
DA:81,0
DA:82,0
DA:83,0
DA:84,0
DA:87,0
DA:88,0
DA:93,2
DA:94,0
DA:95,0
DA:96,0
DA:99,2
DA:100,0
DA:101,0
DA:104,2
DA:105,0
DA:107,0
DA:111,2
LF:41
LH:12
BRDA:42,0,0,0
BRDA:42,0,1,0
BRDA:75,1,0,0
BRDA:75,1,1,0
BRDA:82,2,0,0
BRDA:82,2,1,0
BRDA:105,3,0,0
BRDA:105,3,1,0
BRDA:118,4,0,0
BRDA:118,4,1,2
BRF:10
BRH:1
end_of_record
TN:
SF:app/components/DeleteAccount.js
FN:17,DeleteAccount
FN:26,(anonymous_1)
FN:75,(anonymous_2)
FN:130,(anonymous_3)
FNF:4
FNH:1
FNDA:1,DeleteAccount
FNDA:0,(anonymous_1)
FNDA:0,(anonymous_2)
FNDA:0,(anonymous_3)
DA:18,1
DA:19,1
DA:21,1
DA:22,1
DA:23,1
DA:24,1
DA:26,1
DA:28,0
DA:29,0
DA:32,1
DA:75,0
DA:130,0
LF:12
LH:8
BRDA:39,0,0,0
BRDA:39,0,1,1
BRF:2
BRH:1
end_of_record
TN:
SF:app/components/DeleteGroup.js
FN:8,DeleteGroup
FN:15,(anonymous_1)
FN:56,(anonymous_2)
FN:81,(anonymous_3)
FNF:4
FNH:1
FNDA:1,DeleteGroup
FNDA:0,(anonymous_1)
FNDA:0,(anonymous_2)
FNDA:0,(anonymous_3)
DA:9,1
DA:11,1
DA:16,0
DA:57,0
DA:58,0
DA:82,0
LF:6
LH:2
BRDA:13,0,0,1
BRDA:13,0,1,1
BRDA:40,1,0,1
BRDA:40,1,1,0
BRF:4
BRH:3
end_of_record
TN:
SF:app/components/Filters.js
FN:17,Filters
FN:58,removeGenre
FN:66,addGenre
FN:71,removeService
FN:79,addService
FN:90,(anonymous_5)
FN:117,(anonymous_6)
FN:194,(anonymous_7)
FN:220,(anonymous_8)
FN:247,(anonymous_9)
FNF:10
FNH:1
FNDA:4,Filters
FNDA:0,removeGenre
FNDA:0,addGenre
FNDA:0,removeService
FNDA:0,addService
FNDA:0,(anonymous_5)
FNDA:0,(anonymous_6)
FNDA:0,(anonymous_7)
FNDA:0,(anonymous_8)
FNDA:0,(anonymous_9)
DA:18,4
DA:19,4
DA:20,4
DA:21,4
DA:22,4
DA:23,4
DA:44,4
DA:54,4
DA:55,2
DA:59,0
DA:60,0
DA:61,0
DA:62,0
DA:63,0
DA:64,0
DA:67,0
DA:68,0
DA:69,0
DA:72,0
DA:73,0
DA:74,0
DA:75,0
DA:76,0
DA:77,0
DA:80,0
DA:81,0
DA:82,0
DA:85,4
DA:86,4
DA:87,72
DA:91,0
DA:92,0
DA:94,0
DA:112,4
DA:113,4
DA:114,28
DA:118,0
DA:119,0
DA:121,0
DA:138,4
DA:195,0
DA:196,0
DA:221,0
DA:248,0
DA:269,3
LF:45
LH:17
BRDA:54,0,0,2
BRDA:54,0,1,2
BRDA:61,1,0,0
BRDA:61,1,1,0
BRDA:74,2,0,0
BRDA:74,2,1,0
BRDA:91,3,0,0
BRDA:91,3,1,0
BRDA:101,4,0,0
BRDA:101,4,1,72
BRDA:118,5,0,0
BRDA:118,5,1,0
BRDA:128,6,0,0
BRDA:128,6,1,28
BRDA:140,7,0,0
BRDA:140,7,1,4
BRDA:192,8,0,0
BRDA:192,8,1,0
BRF:18
BRH:5
end_of_record
TN:
SF:app/components/GroupSettings.js
FN:8,GroupSettings
FN:173,(anonymous_1)
FNF:2
FNH:1
FNDA:2,GroupSettings
FNDA:0,(anonymous_1)
DA:9,2
DA:11,2
DA:174,0
DA:175,0
DA:176,0
DA:178,0
LF:6
LH:2
BRDA:86,0,0,2
BRDA:86,0,1,2
BRDA:98,1,0,2
BRDA:98,1,1,0
BRDA:105,2,0,0
BRDA:105,2,1,0
BRDA:139,3,0,2
BRDA:139,3,1,2
BRDA:151,4,0,2
BRDA:151,4,1,0
BRDA:158,5,0,0
BRDA:158,5,1,0
BRDA:171,6,0,2
BRDA:171,6,1,0
BRDA:174,7,0,0
BRDA:174,7,1,0
BRDA:188,8,0,0
BRDA:188,8,1,0
BRDA:188,9,0,0
BRDA:188,9,1,0
BRDA:200,10,0,0
BRDA:200,10,1,0
BRF:22
BRH:7
end_of_record
TN:
SF:app/components/JoinGroupPopup.js
FN:20,JoinGroupPopup
FN:28,joinGroupAPI
FN:49,(anonymous_2)
FN:50,(anonymous_3)
FN:61,(anonymous_4)
FN:66,onSubmit
FN:78,(anonymous_6)
FN:84,(anonymous_7)
FNF:8
FNH:1
FNDA:2,JoinGroupPopup
FNDA:0,joinGroupAPI
FNDA:0,(anonymous_2)
FNDA:0,(anonymous_3)
FNDA:0,(anonymous_4)
FNDA:0,onSubmit
FNDA:0,(anonymous_6)
FNDA:0,(anonymous_7)
DA:21,2
DA:22,2
DA:24,2
DA:25,2
DA:26,2
DA:31,0
DA:32,0
DA:33,0
DA:36,0
DA:49,0
DA:51,0
DA:52,0
DA:54,0
DA:55,0
DA:56,0
DA:57,0
DA:58,0
DA:62,0
DA:67,0
DA:68,0
DA:72,0
DA:78,2
DA:79,0
DA:80,0
DA:81,0
DA:84,2
DA:85,0
DA:87,0
DA:91,2
LF:29
LH:8
BRDA:32,0,0,0
BRDA:32,0,1,0
BRDA:51,1,0,0
BRDA:51,1,1,0
BRDA:67,2,0,0
BRDA:67,2,1,0
BRDA:85,3,0,0
BRDA:85,3,1,0
BRDA:97,4,0,0
BRDA:97,4,1,2
BRF:10
BRH:1
end_of_record
TN:
SF:app/components/MemberInfo.js
FN:17,MemberInfo
FN:103,(anonymous_1)
FN:122,(anonymous_2)
FN:142,(anonymous_3)
FN:158,(anonymous_4)
FN:217,(anonymous_5)
FN:244,(anonymous_6)
FN:278,(anonymous_7)
FNF:8
FNH:1
FNDA:1,MemberInfo
FNDA:0,(anonymous_1)
FNDA:0,(anonymous_2)
FNDA:0,(anonymous_3)
FNDA:0,(anonymous_4)
FNDA:0,(anonymous_5)
FNDA:0,(anonymous_6)
FNDA:0,(anonymous_7)
DA:18,1
DA:19,1
DA:20,1
DA:21,1
DA:104,0
DA:123,0
DA:124,0
DA:125,0
DA:143,0
DA:159,0
DA:218,0
DA:219,0
DA:245,0
DA:279,0
LF:14
LH:4
BRDA:23,0,0,0
BRDA:23,0,1,1
BRDA:34,1,0,0
BRDA:34,1,1,0
BRDA:62,2,0,0
BRDA:62,2,1,0
BRDA:88,3,0,0
BRDA:88,3,1,0
BRDA:100,4,0,0
BRDA:100,4,1,0
BRDA:116,5,0,0
BRDA:116,5,1,0
BRDA:123,6,0,0
BRDA:123,6,1,0
BRDA:155,7,0,0
BRDA:155,7,1,0
BRDA:212,8,0,0
BRDA:212,8,1,1
BRDA:213,9,0,1
BRDA:213,9,1,0
BRDA:218,10,0,0
BRDA:218,10,1,0
BRDA:232,11,0,0
BRDA:232,11,1,1
BRDA:233,12,0,0
BRDA:233,12,1,1
BRDA:239,13,0,1
BRDA:239,13,1,0
BRDA:241,14,0,1
BRDA:241,14,1,0
BRDA:241,14,2,0
BRDA:271,15,0,0
BRDA:271,15,1,0
BRF:33
BRH:7
end_of_record
TN:
SF:app/components/Movie.js
FN:19,Movie
FN:31,getColor
FN:43,addMovieToQueueAPI
FN:56,(anonymous_3)
FN:57,(anonymous_4)
FN:65,(anonymous_5)
FN:74,(anonymous_6)
FN:133,(anonymous_7)
FN:166,(anonymous_8)
FN:275,(anonymous_9)
FN:311,(anonymous_10)
FN:338,(anonymous_11)
FNF:12
FNH:2
FNDA:1,Movie
FNDA:1,getColor
FNDA:0,addMovieToQueueAPI
FNDA:0,(anonymous_3)
FNDA:0,(anonymous_4)
FNDA:0,(anonymous_5)
FNDA:0,(anonymous_6)
FNDA:0,(anonymous_7)
FNDA:0,(anonymous_8)
FNDA:0,(anonymous_9)
FNDA:0,(anonymous_10)
FNDA:0,(anonymous_11)
DA:20,1
DA:21,1
DA:22,1
DA:23,1
DA:24,1
DA:25,1
DA:27,1
DA:28,1
DA:29,1
DA:32,1
DA:33,1
DA:34,0
DA:35,0
DA:36,0
DA:37,0
DA:38,0
DA:41,1
DA:44,0
DA:56,0
DA:58,0
DA:59,0
DA:61,0
DA:62,0
DA:66,0
DA:69,0
DA:71,1
DA:74,0
DA:134,0
DA:166,0
DA:276,0
DA:277,0
DA:278,0
DA:280,0
DA:312,0
DA:339,0
LF:35
LH:13
BRDA:33,0,0,1
BRDA:33,0,1,0
BRDA:34,1,0,0
BRDA:34,1,1,0
BRDA:35,2,0,0
BRDA:35,2,1,0
BRDA:36,3,0,0
BRDA:36,3,1,0
BRDA:37,4,0,0
BRDA:37,4,1,0
BRDA:58,5,0,0
BRDA:58,5,1,0
BRDA:103,6,0,0
BRDA:103,6,1,1
BRDA:108,7,0,0
BRDA:108,7,1,1
BRDA:146,8,0,0
BRDA:146,8,1,1
BRDA:155,9,0,1
BRDA:155,9,1,0
BRDA:157,10,0,1
BRDA:157,10,1,0
BRDA:164,11,0,0
BRDA:164,11,1,0
BRDA:175,12,0,0
BRDA:175,12,1,0
BRDA:180,13,0,0
BRDA:180,13,1,0
BRDA:211,14,0,0
BRDA:211,14,1,0
BRDA:230,15,0,0
BRDA:230,15,1,0
BRDA:238,16,0,0
BRDA:238,16,1,0
BRDA:238,17,0,0
BRDA:238,17,1,0
BRDA:238,17,2,0
BRDA:276,18,0,0
BRDA:276,18,1,0
BRDA:290,19,0,0
BRDA:290,19,1,0
BRDA:290,20,0,0
BRDA:290,20,1,0
BRDA:290,20,2,0
BRDA:300,21,0,0
BRDA:300,21,1,0
BRDA:307,22,0,0
BRDA:307,22,1,0
BRDA:309,23,0,0
BRDA:309,23,1,0
BRDA:336,24,0,0
BRDA:336,24,1,0
BRF:52
BRH:6
end_of_record
TN:
SF:app/components/Queue.js
FN:19,Queue
FN:23,(anonymous_1)
FN:24,(anonymous_2)
FN:33,getMovies
FN:42,(anonymous_4)
FN:43,(anonymous_5)
FN:52,(anonymous_6)
FN:60,addMovieData
FN:70,(anonymous_8)
FN:71,(anonymous_9)
FN:74,(anonymous_10)
FN:77,(anonymous_11)
FN:82,setRatingAPI
FN:98,(anonymous_13)
FN:99,(anonymous_14)
FN:103,(anonymous_15)
FN:110,deleteMovieAPI
FN:119,(anonymous_17)
FN:120,(anonymous_18)
FN:125,(anonymous_19)
FN:147,(anonymous_20)
FN:148,(anonymous_21)
FNF:22
FNH:2
FNDA:2,Queue
FNDA:1,(anonymous_1)
FNDA:0,(anonymous_2)
FNDA:0,getMovies
FNDA:0,(anonymous_4)
FNDA:0,(anonymous_5)
FNDA:0,(anonymous_6)
FNDA:0,addMovieData
FNDA:0,(anonymous_8)
FNDA:0,(anonymous_9)
FNDA:0,(anonymous_10)
FNDA:0,(anonymous_11)
FNDA:0,setRatingAPI
FNDA:0,(anonymous_13)
FNDA:0,(anonymous_14)
FNDA:0,(anonymous_15)
FNDA:0,deleteMovieAPI
FNDA:0,(anonymous_17)
FNDA:0,(anonymous_18)
FNDA:0,(anonymous_19)
FNDA:0,(anonymous_20)
FNDA:0,(anonymous_21)
DA:20,2
DA:21,2
DA:23,1
DA:24,1
DA:25,0
DA:26,0
DA:27,0
DA:30,0
DA:34,0
DA:42,0
DA:44,0
DA:45,0
DA:46,0
DA:47,0
DA:48,0
DA:49,0
DA:53,0
DA:57,1
DA:58,1
DA:61,0
DA:63,0
DA:70,0
DA:72,0
DA:73,0
DA:74,0
DA:75,0
DA:78,0
DA:83,0
DA:98,0
DA:100,0
DA:101,0
DA:104,0
DA:107,0
DA:111,0
DA:119,0
DA:121,0
DA:122,0
DA:123,0
DA:126,0
DA:130,1
DA:131,1
DA:132,0
DA:133,0
DA:134,0
DA:147,0
DA:148,0
DA:153,1
LF:47
LH:9
BRDA:33,0,0,0
BRDA:60,1,0,0
BRDA:73,2,0,0
BRDA:73,2,1,0
BRDA:74,3,0,0
BRDA:74,3,1,0
BRF:6
BRH:0
end_of_record
TN:
SF:app/components/Search.js
FN:20,SearchMovie
FN:35,getMovies
FN:55,(anonymous_2)
FN:56,(anonymous_3)
FN:79,(anonymous_4)
FN:129,(anonymous_5)
FN:130,(anonymous_6)
FN:156,(anonymous_7)
FNF:8
FNH:1
FNDA:1,SearchMovie
FNDA:0,getMovies
FNDA:0,(anonymous_2)
FNDA:0,(anonymous_3)
FNDA:0,(anonymous_4)
FNDA:0,(anonymous_5)
FNDA:0,(anonymous_6)
FNDA:0,(anonymous_7)
DA:21,1
DA:22,1
DA:24,1
DA:25,1
DA:27,1
DA:30,1
DA:31,1
DA:32,1
DA:33,1
DA:36,0
DA:37,0
DA:38,0
DA:40,0
DA:41,0
DA:43,0
DA:44,0
DA:46,0
DA:47,0
DA:48,0
DA:55,0
DA:57,0
DA:61,0
DA:62,0
DA:64,0
DA:65,0
DA:66,0
DA:67,0
DA:69,0
DA:70,0
DA:72,0
DA:73,0
DA:75,0
DA:80,0
DA:84,1
DA:85,1
DA:86,0
DA:99,1
DA:129,0
DA:130,0
DA:157,0
LF:40
LH:12
BRDA:35,0,0,0
BRDA:40,1,0,0
BRDA:40,1,1,0
BRDA:57,2,0,0
BRDA:57,2,1,0
BRDA:58,3,0,0
BRDA:58,3,1,0
BRDA:64,4,0,0
BRDA:64,4,1,0
BRDA:72,5,0,0
BRDA:72,5,1,0
BRDA:142,6,0,1
BRDA:142,6,1,0
BRDA:144,7,0,1
BRDA:144,7,1,0
BRDA:154,8,0,0
BRDA:154,8,1,0
BRF:17
BRH:2
end_of_record
TN:
SF:app/components/TabBar.js
FN:15,TabBar
FN:19,(anonymous_1)
FN:45,(anonymous_2)
FN:76,(anonymous_3)
FN:107,(anonymous_4)
FNF:5
FNH:1
FNDA:4,TabBar
FNDA:0,(anonymous_1)
FNDA:0,(anonymous_2)
FNDA:0,(anonymous_3)
FNDA:0,(anonymous_4)
DA:16,4
DA:19,0
DA:45,0
DA:76,0
DA:107,0
LF:5
LH:1
BRDA:30,0,0,1
BRDA:30,0,1,3
BRDA:35,1,0,1
BRDA:35,1,1,3
BRDA:36,2,0,1
BRDA:36,2,1,3
BRDA:61,3,0,1
BRDA:61,3,1,3
BRDA:66,4,0,1
BRDA:66,4,1,3
BRDA:67,5,0,1
BRDA:67,5,1,3
BRDA:92,6,0,1
BRDA:92,6,1,3
BRDA:97,7,0,1
BRDA:97,7,1,3
BRDA:98,8,0,1
BRDA:98,8,1,3
BRDA:123,9,0,1
BRDA:123,9,1,3
BRDA:128,10,0,1
BRDA:128,10,1,3
BRDA:129,11,0,1
BRDA:129,11,1,3
BRF:24
BRH:24
end_of_record
TN:
SF:app/components/TopBar.js
FN:15,TopBar
FN:19,(anonymous_1)
FN:56,(anonymous_2)
FNF:3
FNH:1
FNDA:8,TopBar
FNDA:0,(anonymous_1)
FNDA:0,(anonymous_2)
DA:16,8
DA:19,0
DA:56,0
LF:3
LH:1
BRDA:54,0,0,1
BRDA:54,0,1,7
BRF:2
BRH:2
end_of_record
TN:
SF:app/screens/EventScreen.js
FN:19,EventScreen
FN:27,getEventInfoAPI
FN:36,(anonymous_2)
FN:37,(anonymous_3)
FN:43,(anonymous_4)
FN:48,RSVPAPI
FN:63,(anonymous_6)
FN:64,(anonymous_7)
FN:67,(anonymous_8)
FN:82,(anonymous_9)
FN:83,(anonymous_10)
FN:86,(anonymous_11)
FN:92,getUsersAPI
FN:101,(anonymous_13)
FN:102,(anonymous_14)
FN:107,(anonymous_15)
FN:112,getRSVPListAPI
FN:121,(anonymous_17)
FN:122,(anonymous_18)
FN:126,(anonymous_19)
FN:131,getDate
FN:136,getTime
FN:156,RSVPcontains
FN:165,checkAdminStatus
FN:203,(anonymous_24)
FN:208,(anonymous_25)
FN:228,(anonymous_26)
FNF:27
FNH:9
FNDA:2,EventScreen
FNDA:1,getEventInfoAPI
FNDA:0,(anonymous_2)
FNDA:0,(anonymous_3)
FNDA:1,(anonymous_4)
FNDA:0,RSVPAPI
FNDA:0,(anonymous_6)
FNDA:0,(anonymous_7)
FNDA:0,(anonymous_8)
FNDA:0,(anonymous_9)
FNDA:0,(anonymous_10)
FNDA:0,(anonymous_11)
FNDA:1,getUsersAPI
FNDA:0,(anonymous_13)
FNDA:0,(anonymous_14)
FNDA:1,(anonymous_15)
FNDA:1,getRSVPListAPI
FNDA:0,(anonymous_17)
FNDA:0,(anonymous_18)
FNDA:1,(anonymous_19)
FNDA:2,getDate
FNDA:2,getTime
FNDA:0,RSVPcontains
FNDA:0,checkAdminStatus
FNDA:0,(anonymous_24)
FNDA:0,(anonymous_25)
FNDA:0,(anonymous_26)
DA:20,2
DA:21,2
DA:22,2
DA:23,2
DA:24,2
DA:25,2
DA:28,1
DA:36,0
DA:39,0
DA:40,0
DA:41,0
DA:44,1
DA:49,0
DA:50,0
DA:63,0
DA:65,0
DA:68,0
DA:71,0
DA:82,0
DA:84,0
DA:87,0
DA:93,1
DA:101,0
DA:104,0
DA:105,0
DA:108,1
DA:113,1
DA:121,0
DA:124,0
DA:127,1
DA:132,2
DA:133,2
DA:137,2
DA:138,2
DA:139,2
DA:140,2
DA:141,2
DA:142,2
DA:143,0
DA:144,0
DA:146,2
DA:147,0
DA:148,0
DA:150,2
DA:151,0
DA:153,2
DA:157,0
DA:158,0
DA:159,0
DA:162,0
DA:166,0
DA:167,0
DA:168,0
DA:169,0
DA:174,2
DA:175,2
DA:176,2
DA:177,2
DA:178,0
DA:179,0
DA:180,0
DA:181,0
DA:183,0
DA:184,0
DA:186,0
DA:188,0
DA:191,0
DA:192,0
DA:196,2
DA:197,1
DA:198,1
DA:199,1
DA:200,1
DA:203,2
DA:204,0
DA:205,0
DA:208,2
DA:209,0
DA:210,0
DA:213,2
DA:228,0
LF:81
LH:35
BRDA:49,0,0,0
BRDA:49,0,1,0
BRDA:140,1,0,2
BRDA:140,1,1,0
BRDA:143,2,0,0
BRDA:143,2,1,0
BRDA:146,3,0,0
BRDA:146,3,1,2
BRDA:150,4,0,0
BRDA:150,4,1,2
BRDA:158,5,0,0
BRDA:158,5,1,0
BRDA:167,6,0,0
BRDA:167,6,1,0
BRDA:168,7,0,0
BRDA:168,7,1,0
BRDA:180,8,0,0
BRDA:180,8,1,0
BRDA:183,9,0,0
BRDA:183,9,1,0
BRDA:191,10,0,0
BRDA:191,10,1,0
BRDA:196,11,0,1
BRDA:196,11,1,1
BRF:24
BRH:5
end_of_record
TN:
SF:app/screens/GroupQueueScreen.js
FN:20,GroupQueueScreen
FN:23,(anonymous_1)
FN:24,(anonymous_2)
FN:32,getUsersAPI
FN:41,(anonymous_4)
FN:42,(anonymous_5)
FN:51,(anonymous_6)
FNF:7
FNH:2
FNDA:2,GroupQueueScreen
FNDA:1,(anonymous_1)
FNDA:0,(anonymous_2)
FNDA:0,getUsersAPI
FNDA:0,(anonymous_4)
FNDA:0,(anonymous_5)
FNDA:0,(anonymous_6)
DA:21,2
DA:23,1
DA:24,1
DA:25,0
DA:28,0
DA:33,0
DA:41,0
DA:43,0
DA:44,0
DA:45,0
DA:46,0
DA:47,0
DA:52,0
DA:56,1
DA:57,1
LF:15
LH:5
BRDA:45,0,0,0
BRDA:45,0,1,0
BRDA:46,1,0,0
BRDA:46,1,1,0
BRF:4
BRH:0
end_of_record
TN:
SF:app/screens/GroupSettingsScreen.js
FN:19,GroupSettingsScreen
FN:34,getMembersAPI
FN:45,(anonymous_2)
FN:46,(anonymous_3)
FN:51,(anonymous_4)
FN:57,getGroupInfoAPI
FN:70,(anonymous_6)
FN:71,(anonymous_7)
FN:78,(anonymous_8)
FN:84,changeGroupSettingsAPI
FN:107,(anonymous_10)
FN:108,(anonymous_11)
FN:112,(anonymous_12)
FN:117,changeGroupMaxAPI
FN:129,(anonymous_14)
FN:130,(anonymous_15)
FN:134,(anonymous_16)
FN:140,removeFromGroupAPI
FN:153,(anonymous_18)
FN:154,(anonymous_19)
FN:161,(anonymous_20)
FN:166,setAdminStatusAPI
FN:183,(anonymous_22)
FN:184,(anonymous_23)
FN:187,(anonymous_24)
FN:192,setAliasAPI
FN:211,(anonymous_26)
FN:212,(anonymous_27)
FN:215,(anonymous_28)
FN:221,deleteGroupAPI
FN:233,(anonymous_30)
FN:234,(anonymous_31)
FN:238,(anonymous_32)
FN:246,leaveGroup
FN:251,checkAdminStatus
FN:274,(anonymous_35)
FN:275,(anonymous_36)
FN:286,(anonymous_37)
FN:289,(anonymous_38)
FN:325,(anonymous_39)
FN:326,(anonymous_40)
FN:327,(anonymous_41)
FN:357,(anonymous_42)
FNF:43
FNH:2
FNDA:1,GroupSettingsScreen
FNDA:1,getMembersAPI
FNDA:0,(anonymous_2)
FNDA:0,(anonymous_3)
FNDA:0,(anonymous_4)
FNDA:0,getGroupInfoAPI
FNDA:0,(anonymous_6)
FNDA:0,(anonymous_7)
FNDA:0,(anonymous_8)
FNDA:0,changeGroupSettingsAPI
FNDA:0,(anonymous_10)
FNDA:0,(anonymous_11)
FNDA:0,(anonymous_12)
FNDA:0,changeGroupMaxAPI
FNDA:0,(anonymous_14)
FNDA:0,(anonymous_15)
FNDA:0,(anonymous_16)
FNDA:0,removeFromGroupAPI
FNDA:0,(anonymous_18)
FNDA:0,(anonymous_19)
FNDA:0,(anonymous_20)
FNDA:0,setAdminStatusAPI
FNDA:0,(anonymous_22)
FNDA:0,(anonymous_23)
FNDA:0,(anonymous_24)
FNDA:0,setAliasAPI
FNDA:0,(anonymous_26)
FNDA:0,(anonymous_27)
FNDA:0,(anonymous_28)
FNDA:0,deleteGroupAPI
FNDA:0,(anonymous_30)
FNDA:0,(anonymous_31)
FNDA:0,(anonymous_32)
FNDA:0,leaveGroup
FNDA:0,checkAdminStatus
FNDA:0,(anonymous_35)
FNDA:0,(anonymous_36)
FNDA:0,(anonymous_37)
FNDA:0,(anonymous_38)
FNDA:0,(anonymous_39)
FNDA:0,(anonymous_40)
FNDA:0,(anonymous_41)
FNDA:0,(anonymous_42)
DA:20,1
DA:21,1
DA:22,1
DA:23,1
DA:24,1
DA:25,1
DA:29,1
DA:30,1
DA:37,1
DA:45,0
DA:47,0
DA:48,0
DA:49,0
DA:52,0
DA:62,0
DA:70,0
DA:72,0
DA:73,0
DA:74,0
DA:75,0
DA:76,0
DA:79,0
DA:88,0
DA:89,0
DA:90,0
DA:92,0
DA:94,0
DA:95,0
DA:96,0
DA:107,0
DA:109,0
DA:110,0
DA:113,0
DA:118,0
DA:129,0
DA:131,0
DA:132,0
DA:135,0
DA:145,0
DA:153,0
DA:155,0
DA:156,0
DA:158,0
DA:162,0
DA:172,0
DA:183,0
DA:185,0
DA:188,0
DA:197,0
DA:211,0
DA:213,0
DA:216,0
DA:225,0
DA:233,0
DA:235,0
DA:236,0
DA:239,0
DA:247,0
DA:252,0
DA:253,0
DA:254,0
DA:255,0
DA:262,1
DA:263,1
DA:265,1
DA:267,0
DA:268,0
DA:274,0
DA:275,0
DA:279,0
DA:287,0
DA:290,0
DA:297,1
DA:325,0
DA:326,0
DA:327,0
DA:357,0
LF:77
LH:13
BRDA:29,0,0,1
BRDA:29,0,1,0
BRDA:89,1,0,0
BRDA:89,1,1,0
BRDA:155,2,0,0
BRDA:155,2,1,0
BRDA:253,3,0,0
BRDA:253,3,1,0
BRDA:254,4,0,0
BRDA:254,4,1,0
BRDA:267,5,0,0
BRDA:267,5,1,0
BRDA:356,6,0,1
BRDA:356,6,1,0
BRF:14
BRH:2
end_of_record
TN:
SF:app/screens/LandingScreen.js
FN:34,LandingScreen
FN:42,(anonymous_1)
FN:43,(anonymous_2)
FN:55,getGroupsAPI
FN:64,(anonymous_4)
FN:65,(anonymous_5)
FN:70,(anonymous_6)
FN:87,(anonymous_7)
FNF:8
FNH:3
FNDA:3,LandingScreen
FNDA:1,(anonymous_1)
FNDA:0,(anonymous_2)
FNDA:1,getGroupsAPI
FNDA:0,(anonymous_4)
FNDA:0,(anonymous_5)
FNDA:0,(anonymous_6)
FNDA:0,(anonymous_7)
DA:35,3
DA:36,2
DA:37,2
DA:39,2
DA:42,2
DA:43,1
DA:44,0
DA:47,0
DA:50,2
DA:51,1
DA:52,1
DA:56,1
DA:64,0
DA:67,0
DA:68,0
DA:71,0
DA:77,2
DA:79,2
DA:82,0
DA:88,0
DA:89,0
DA:116,2
DA:179,1
LF:23
LH:14
BRDA:50,0,0,1
BRDA:50,0,1,1
BRDA:147,1,0,2
BRDA:147,1,1,2
BRF:4
BRH:4
end_of_record
TN:
SF:app/screens/LoginScreen.js
FN:19,LoginScreen
FN:24,loginAPI
FN:36,(anonymous_2)
FN:37,(anonymous_3)
FN:47,(anonymous_4)
FN:53,checkCredentials
FN:59,loginAPITest
FN:64,(anonymous_7)
FN:91,(anonymous_8)
FN:98,(anonymous_9)
FNF:10
FNH:1
FNDA:1,LoginScreen
FNDA:0,loginAPI
FNDA:0,(anonymous_2)
FNDA:0,(anonymous_3)
FNDA:0,(anonymous_4)
FNDA:0,checkCredentials
FNDA:0,loginAPITest
FNDA:0,(anonymous_7)
FNDA:0,(anonymous_8)
FNDA:0,(anonymous_9)
DA:20,1
DA:21,1
DA:25,0
DA:36,0
DA:38,0
DA:39,0
DA:40,0
DA:42,0
DA:43,0
DA:44,0
DA:48,0
DA:55,0
DA:60,0
DA:61,0
DA:64,1
DA:65,0
DA:67,0
DA:71,1
DA:91,0
DA:98,0
DA:114,1
LF:21
LH:5
BRDA:39,0,0,0
BRDA:39,0,1,0
BRDA:65,1,0,0
BRDA:65,1,1,0
BRF:4
BRH:0
end_of_record
TN:
SF:app/screens/ProfileSettingsScreen.js
FN:22,ProfileSettingsScreen
FN:51,(anonymous_1)
FN:66,(anonymous_2)
FN:79,(anonymous_3)
FNF:4
FNH:1
FNDA:1,ProfileSettingsScreen
FNDA:0,(anonymous_1)
FNDA:0,(anonymous_2)
FNDA:0,(anonymous_3)
DA:23,1
DA:24,1
DA:26,1
DA:51,0
DA:66,0
DA:79,0
DA:99,1
LF:7
LH:4
BRF:0
BRH:0
end_of_record
TN:
SF:app/screens/ScheduleScreen.js
FN:27,ScheduleScreen
FN:64,processDate
FN:72,processTime
FN:90,(anonymous_3)
FN:117,(anonymous_4)
FN:137,(anonymous_5)
FN:151,getEventsAPI
FN:160,(anonymous_7)
FN:161,(anonymous_8)
FN:166,(anonymous_9)
FN:171,createEventAPI
FN:189,(anonymous_11)
FN:190,(anonymous_12)
FN:193,(anonymous_13)
FN:215,(anonymous_14)
FN:296,(anonymous_15)
FN:297,(anonymous_16)
FN:299,(anonymous_17)
FNF:18
FNH:3
FNDA:2,ScheduleScreen
FNDA:0,processDate
FNDA:0,processTime
FNDA:0,(anonymous_3)
FNDA:0,(anonymous_4)
FNDA:0,(anonymous_5)
FNDA:1,getEventsAPI
FNDA:0,(anonymous_7)
FNDA:0,(anonymous_8)
FNDA:1,(anonymous_9)
FNDA:0,createEventAPI
FNDA:0,(anonymous_11)
FNDA:0,(anonymous_12)
FNDA:0,(anonymous_13)
FNDA:0,(anonymous_14)
FNDA:0,(anonymous_15)
FNDA:0,(anonymous_16)
FNDA:0,(anonymous_17)
DA:28,2
DA:29,2
DA:30,2
DA:31,2
DA:32,2
DA:34,2
DA:55,2
DA:56,2
DA:59,2
DA:60,2
DA:61,2
DA:62,2
DA:65,0
DA:66,0
DA:68,0
DA:73,0
DA:74,0
DA:75,0
DA:77,0
DA:78,0
DA:80,0
DA:81,0
DA:83,0
DA:84,0
DA:85,0
DA:87,0
DA:90,2
DA:91,0
DA:92,0
DA:93,0
DA:94,0
DA:97,0
DA:110,0
DA:111,0
DA:112,0
DA:117,2
DA:118,0
DA:120,0
DA:121,0
DA:122,0
DA:123,0
DA:124,0
DA:125,0
DA:127,0
DA:128,0
DA:129,0
DA:130,0
DA:131,0
DA:132,0
DA:133,0
DA:137,2
DA:138,0
DA:139,0
DA:140,0
DA:141,0
DA:142,0
DA:145,2
DA:147,1
DA:148,1
DA:152,1
DA:160,0
DA:163,0
DA:164,0
DA:167,1
DA:172,0
DA:189,0
DA:191,0
DA:194,0
DA:195,0
DA:199,2
DA:200,2
DA:201,0
DA:202,0
DA:205,0
DA:206,0
DA:208,0
DA:216,0
DA:217,0
DA:243,2
DA:296,0
DA:297,0
DA:299,0
LF:82
LH:23
BRDA:65,0,0,0
BRDA:65,0,1,0
BRDA:74,1,0,0
BRDA:74,1,1,0
BRDA:77,2,0,0
BRDA:77,2,1,0
BRDA:80,3,0,0
BRDA:80,3,1,0
BRDA:83,4,0,0
BRDA:83,4,1,0
BRDA:91,5,0,0
BRDA:91,5,1,0
BRDA:120,6,0,0
BRDA:120,6,1,0
BRDA:122,7,0,0
BRDA:122,7,1,0
BRDA:124,8,0,0
BRDA:124,8,1,0
BRDA:145,9,0,1
BRDA:145,9,1,1
BRF:20
BRH:2
end_of_record
TN:
SF:app/screens/SearchMoviesScreen.js
FN:23,SearchMoviesScreen
FN:45,(anonymous_1)
FN:70,(anonymous_2)
FNF:3
FNH:1
FNDA:1,SearchMoviesScreen
FNDA:0,(anonymous_1)
FNDA:0,(anonymous_2)
DA:24,1
DA:26,1
DA:45,0
DA:70,0
DA:119,1
LF:5
LH:3
BRDA:49,0,0,1
BRDA:49,0,1,0
BRDA:60,1,0,1
BRDA:60,1,1,0
BRDA:74,2,0,0
BRDA:74,2,1,1
BRDA:85,3,0,0
BRDA:85,3,1,1
BRDA:95,4,0,1
BRDA:95,4,1,1
BRDA:103,5,0,1
BRDA:103,5,1,0
BRF:12
BRH:7
end_of_record
TN:
SF:app/screens/SignupScreen.js
FN:19,SignupScreen
FN:25,signupAPI
FN:38,(anonymous_2)
FN:39,(anonymous_3)
FN:48,(anonymous_4)
FN:53,testOrAPI
FN:59,signupAPITest
FN:65,(anonymous_7)
FN:99,(anonymous_8)
FN:113,(anonymous_9)
FNF:10
FNH:1
FNDA:1,SignupScreen
FNDA:0,signupAPI
FNDA:0,(anonymous_2)
FNDA:0,(anonymous_3)
FNDA:0,(anonymous_4)
FNDA:0,testOrAPI
FNDA:0,signupAPITest
FNDA:0,(anonymous_7)
FNDA:0,(anonymous_8)
FNDA:0,(anonymous_9)
DA:20,1
DA:21,1
DA:22,1
DA:26,0
DA:38,0
DA:40,0
DA:41,0
DA:42,0
DA:44,0
DA:45,0
DA:49,0
DA:55,0
DA:60,0
DA:61,0
DA:62,0
DA:65,1
DA:66,0
DA:68,0
DA:72,1
DA:100,0
DA:101,0
DA:103,0
DA:113,0
DA:130,1
LF:24
LH:6
BRDA:41,0,0,0
BRDA:41,0,1,0
BRDA:66,1,0,0
BRDA:66,1,1,0
BRDA:100,2,0,0
BRDA:100,2,1,0
BRDA:100,3,0,0
BRDA:100,3,1,0
BRDA:100,3,2,0
BRF:9
BRH:0
end_of_record
TN:
SF:app/screens/WelcomeScreen.js
FN:16,WelcomeScreen
FN:26,(anonymous_1)
FN:34,(anonymous_2)
FNF:3
FNH:1
FNDA:3,WelcomeScreen
FNDA:0,(anonymous_1)
FNDA:0,(anonymous_2)
DA:17,3
DA:26,0
DA:34,0
DA:51,1
LF:4
LH:2
BRF:0
BRH:0
end_of_record
